2019/08/04 10:08:06 main.go:11: test
2019/09/01 15:53:42 bitflyer.go:215: connecting to wss://ws.lightstream.bitflyer.com/json-rpc
2019/09/01 15:55:28 bitflyer.go:215: connecting to wss://ws.lightstream.bitflyer.com/json-rpc
2019/09/01 15:57:15 streamdata.go:16: action=StreamIngestionData, {BTC_USD 2019-09-01T06:57:15.5167697Z 140490 9621.5 9633.6 0.2 0.01 71.31165072 84.16171001 9627.8 10.91153287 10.91153287}
2019/09/01 15:57:22 streamdata.go:16: action=StreamIngestionData, {BTC_USD 2019-09-01T06:57:22.1618359Z 140491 9621.5 9633.6 0.2 0.01 71.33242124 84.16171001 9627.8 10.91153287 10.91153287}
2019/09/01 15:57:32 streamdata.go:16: action=StreamIngestionData, {BTC_USD 2019-09-01T06:57:32.268177Z 140492 9621.5 9633.6 0.2 0.01 71.31165072 84.16171001 9627.8 10.91153287 10.91153287}
2019/09/01 15:57:38 streamdata.go:16: action=StreamIngestionData, {BTC_USD 2019-09-01T06:57:38.6064378Z 140493 9621.5 9633.6 0.2 0.01 71.33243451 84.16171001 9627.8 10.91153287 10.91153287}
2019/09/01 15:58:28 streamdata.go:16: action=StreamIngestionData, {BTC_USD 2019-09-01T06:58:28.339644Z 140494 9621.5 9633.6 0.2 0.01 71.33243451 84.16171001 9627.8 10.91153287 10.91153287}
2019/09/01 16:00:30 streamdata.go:16: action=StreamIngestionData, {BTC_USD 2019-09-01T07:00:30.3125774Z 140495 9621.5 9633.6 0.2 0.01 71.31165072 84.16171001 9627.8 10.91153287 10.91153287}
2019/09/01 16:00:33 streamdata.go:16: action=StreamIngestionData, {BTC_USD 2019-09-01T07:00:33.6397417Z 140496 9621.5 9633.6 0.2 0.01 71.33242675 84.16171001 9627.8 10.91153287 10.91153287}
2019/09/01 16:02:16 streamdata.go:16: action=StreamIngestionData, {BTC_USD 2019-09-01T07:02:15.9609129Z 140497 9621.5 9633.6 0.2 0.01 71.33242675 84.14171001 9627.8 10.91153287 10.91153287}
2019/09/01 16:02:22 streamdata.go:16: action=StreamIngestionData, {BTC_USD 2019-09-01T07:02:22.4195827Z 140499 9621.5 9633.6 0.2 0.01 71.31163896 84.16171001 9627.8 10.91153287 10.91153287}
2019/09/01 16:02:24 streamdata.go:16: action=StreamIngestionData, {BTC_USD 2019-09-01T07:02:24.0887569Z 140500 9621.5 9633.6 0.2 0.01 71.29086293 84.16171001 9627.8 10.91153287 10.91153287}
2019/09/01 16:02:28 streamdata.go:16: action=StreamIngestionData, {BTC_USD 2019-09-01T07:02:28.8178796Z 140501 9621.5 9633.6 0.2 0.01 71.31164215 84.16171001 9627.8 10.91153287 10.91153287}
2019/09/01 16:02:30 streamdata.go:16: action=StreamIngestionData, {BTC_USD 2019-09-01T07:02:30.5329058Z 140502 9621.5 9633.6 0.2 0.01 71.33242184 84.16171001 9627.8 10.91153287 10.91153287}
2019/09/01 16:02:34 streamdata.go:16: action=StreamIngestionData, {BTC_USD 2019-09-01T07:02:33.8198191Z 140503 9621.5 9633.6 0.2 0.01 71.31164215 84.16171001 9627.8 10.91153287 10.91153287}
2019/09/01 16:02:37 streamdata.go:16: action=StreamIngestionData, {BTC_USD 2019-09-01T07:02:37.1031407Z 140504 9621.5 9633.6 0.2 0.01 71.33242184 84.16171001 9627.8 10.91153287 10.91153287}
2019/09/01 16:02:48 streamdata.go:16: action=StreamIngestionData, {BTC_USD 2019-09-01T07:02:48.3489041Z 140505 9621.5 9633.6 0.2 0.01 71.33242184 84.14171001 9627.8 10.91153287 10.91153287}
2019/09/01 16:02:51 streamdata.go:16: action=StreamIngestionData, {BTC_USD 2019-09-01T07:02:51.5118309Z 140506 9621.5 9633.6 0.2 0.01 71.33242184 84.16171001 9627.8 10.91153287 10.91153287}
2019/09/01 16:03:22 streamdata.go:16: action=StreamIngestionData, {BTC_USD 2019-09-01T07:03:21.3488689Z 140507 9621.5 9633.6 0.2 0.01 71.33242184 84.14171001 9627.8 10.91153287 10.91153287}
2019/09/01 16:03:28 streamdata.go:16: action=StreamIngestionData, {BTC_USD 2019-09-01T07:03:27.830798Z 140508 9621.5 9633.6 0.2 0.01 71.33242184 84.16171001 9627.8 10.91153287 10.91153287}
2019/09/01 16:42:43 bitflyer.go:233: read: websocket: close 1006 (abnormal closure): unexpected EOF
2019/09/10 23:59:59 bitflyer.go:215: connecting to wss://ws.lightstream.bitflyer.com/json-rpc
2019/09/11 00:00:01 streamdata.go:16: action=StreamIngestionData, {BTC_USD 2019-09-10T15:00:00.9547118Z 354719 10197 10209.6 0.34 0.01 76.24750438 89.52932506 10204.43 6.76921838 6.76921838}
2019/09/11 00:00:03 streamdata.go:16: action=StreamIngestionData, {BTC_USD 2019-09-10T15:00:03.4391543Z 354723 10196.3 10202.2 0.01 0.2 75.90750438 89.47932506 10204.43 6.76921838 6.76921838}
2019/09/11 00:00:07 streamdata.go:16: action=StreamIngestionData, {BTC_USD 2019-09-10T15:00:07.5170028Z 354725 10196.3 10202.2 0.01 0.2 75.90750438 89.51622506 10204.43 6.76921838 6.76921838}
2019/09/11 00:00:10 streamdata.go:16: action=StreamIngestionData, {BTC_USD 2019-09-10T15:00:10.2744383Z 354726 10196.3 10202.2 0.01 0.2 75.8878976 89.51622506 10204.43 6.76921838 6.76921838}
2019/09/11 00:00:11 streamdata.go:16: action=StreamIngestionData, {BTC_USD 2019-09-10T15:00:11.243708Z 354729 10196.3 10202.2 0.01 0.2 75.84867382 89.49622506 10204.43 6.76921838 6.76921838}
2019/09/11 00:00:14 streamdata.go:16: action=StreamIngestionData, {BTC_USD 2019-09-10T15:00:13.7453992Z 354734 10196.3 10202.2 0.01 0.2 75.84867164 89.46064163 10204.43 6.76921838 6.76921838}
2019/09/11 00:00:15 streamdata.go:16: action=StreamIngestionData, {BTC_USD 2019-09-10T15:00:14.8562787Z 354736 10196.3 10202.2 0.01 0.2 75.86829934 89.44064163 10204.43 6.76921838 6.76921838}
2019/09/11 00:00:16 streamdata.go:16: action=StreamIngestionData, {BTC_USD 2019-09-10T15:00:15.9349258Z 354739 10196.3 10202.2 0.01 0.2 75.86370617 89.44064163 10204.43 6.76921838 6.76921838}
2019/09/11 00:00:17 streamdata.go:16: action=StreamIngestionData, {BTC_USD 2019-09-10T15:00:17.2002403Z 354744 10196.3 10202.2 0.01 0.2 75.844108 89.40234733 10204.43 6.76921838 6.76921838}
2019/09/11 00:00:18 streamdata.go:16: action=StreamIngestionData, {BTC_USD 2019-09-10T15:00:18.200637Z 354748 10196.3 10202.2 0.01 0.2 75.80492513 89.36234733 10204.43 6.76921838 6.76921838}
2019/09/11 00:00:19 streamdata.go:16: action=StreamIngestionData, {BTC_USD 2019-09-10T15:00:19.2951656Z 354749 10196.3 10202.2 0.01 0.2 75.78529743 89.36234733 10204.43 6.76921838 6.76921838}
2019/09/11 00:00:20 streamdata.go:16: action=StreamIngestionData, {BTC_USD 2019-09-10T15:00:20.4205252Z 354761 10196.3 10202.2 0.01 0.2 75.77014017 89.40544733 10204.43 6.76921838 6.76921838}
2019/09/11 00:00:21 streamdata.go:16: action=StreamIngestionData, {BTC_USD 2019-09-10T15:00:21.3908748Z 354763 10196.3 10202.2 0.01 0.2 75.7897587 89.42544733 10204.43 6.76921838 6.76921838}
2019/09/11 00:00:22 streamdata.go:16: action=StreamIngestionData, {BTC_USD 2019-09-10T15:00:22.7908095Z 354768 10196.3 10202.2 0.01 0.2 75.8389981 89.42544733 10204.43 6.76921838 6.76921838}
2019/09/11 00:00:23 streamdata.go:16: action=StreamIngestionData, {BTC_USD 2019-09-10T15:00:23.8622482Z 354771 10196.3 10202.2 0.01 0.2 75.85860594 89.42544733 10204.43 6.76921838 6.76921838}
2019/09/11 00:00:25 streamdata.go:16: action=StreamIngestionData, {BTC_USD 2019-09-10T15:00:25.1181826Z 354775 10196.3 10202.2 0.01 0.2 75.86360594 89.48544733 10204.43 6.76921838 6.76921838}
2019/09/11 00:00:26 streamdata.go:16: action=StreamIngestionData, {BTC_USD 2019-09-10T15:00:26.1323799Z 354777 10196.3 10202.2 0.01 0.2 75.84398741 89.46544733 10204.43 6.76921838 6.76921838}
2019/09/11 00:00:27 streamdata.go:16: action=StreamIngestionData, {BTC_USD 2019-09-10T15:00:27.0010737Z 354781 10196.3 10202.2 0.01 0.2 75.88324914 89.50544733 10204.43 6.76921838 6.76921838}
2019/09/11 00:00:28 streamdata.go:16: action=StreamIngestionData, {BTC_USD 2019-09-10T15:00:28.0045252Z 354783 10196.3 10202.2 0.01 0.2 75.88324914 89.50544733 10204.43 6.76921838 6.76921838}
2019/09/11 00:00:29 streamdata.go:16: action=StreamIngestionData, {BTC_USD 2019-09-10T15:00:29.2697502Z 354785 10196.3 10202.2 0.01 0.2 75.88324914 89.46544733 10204.43 6.76921838 6.76921838}
2019/09/11 00:00:32 streamdata.go:16: action=StreamIngestionData, {BTC_USD 2019-09-10T15:00:32.4590684Z 354787 10196.3 10202.2 0.01 0.2 75.90287179 89.48544733 10204.43 6.76921838 6.76921838}
2019/09/11 08:33:01 bitflyer.go:215: connecting to wss://ws.lightstream.bitflyer.com/json-rpc
2019/09/11 08:33:11 streamdata.go:16: action=StreamIngestionData, {BTC_USD 2019-09-10T23:33:11.6956659Z 377237 10069.2 10082.5 0.01 0.1 77.35813189 81.51021112 10052.6 25.36963008 25.36963008}
2019/09/11 08:33:12 streamdata.go:16: action=StreamIngestionData, {BTC_USD 2019-09-10T23:33:12.790219Z 377238 10069.2 10082.5 0.01 0.1 77.33828153 81.51021112 10052.6 25.36963008 25.36963008}
2019/09/11 08:33:16 streamdata.go:16: action=StreamIngestionData, {BTC_USD 2019-09-10T23:33:16.0892263Z 377239 10069.2 10082.5 0.01 0.1 77.35812478 81.51021112 10052.6 25.36963008 25.36963008}
2019/09/11 08:33:18 streamdata.go:16: action=StreamIngestionData, {BTC_USD 2019-09-10T23:33:18.2004213Z 377240 10069.2 10082.5 0.01 0.1 77.35812478 81.53021112 10052.6 25.36963008 25.36963008}
2019/09/11 08:33:35 streamdata.go:16: action=StreamIngestionData, {BTC_USD 2019-09-10T23:33:35.5234323Z 377241 10069.2 10082.5 0.01 0.1 77.35812478 81.51021112 10052.6 25.36963008 25.36963008}
2019/09/11 08:33:36 streamdata.go:16: action=StreamIngestionData, {BTC_USD 2019-09-10T23:33:36.368337Z 377242 10069.2 10082.5 0.01 0.1 77.35812478 81.49021112 10052.6 25.36963008 25.36963008}
2019/09/11 08:33:41 streamdata.go:16: action=StreamIngestionData, {BTC_USD 2019-09-10T23:33:41.0745475Z 377243 10069.2 10082.5 0.01 0.1 77.33825591 81.49021112 10052.6 25.36963008 25.36963008}
2019/09/11 08:33:43 streamdata.go:16: action=StreamIngestionData, {BTC_USD 2019-09-10T23:33:42.9349659Z 377245 10069.2 10082.5 0.01 0.1 77.33825591 81.53021112 10052.6 25.36963008 25.36963008}
2019/09/11 08:33:44 streamdata.go:16: action=StreamIngestionData, {BTC_USD 2019-09-10T23:33:44.405347Z 377246 10069.2 10082.5 0.01 0.1 77.35813259 81.53021112 10052.6 25.36963008 25.36963008}
2019/09/11 08:33:46 streamdata.go:16: action=StreamIngestionData, {BTC_USD 2019-09-10T23:33:46.2183596Z 377247 10069.2 10082.5 0.01 0.1 77.35813259 81.53021112 10052.6 25.36963008 25.36963008}
2019/09/11 08:34:34 streamdata.go:16: action=StreamIngestionData, {BTC_USD 2019-09-10T23:34:34.4867392Z 377248 10069.2 10082.5 0.01 0.1 77.33828934 81.53021112 10052.6 25.36963008 25.36963008}
2019/09/11 08:34:35 streamdata.go:16: action=StreamIngestionData, {BTC_USD 2019-09-10T23:34:35.4656823Z 377250 10069.2 10082.5 0.01 0.1 77.33828934 81.49021112 10052.6 25.36963008 25.36963008}
2019/09/11 08:34:36 streamdata.go:16: action=StreamIngestionData, {BTC_USD 2019-09-10T23:34:36.6758545Z 377251 10069.2 10082.5 0.01 0.1 77.33828934 81.47021112 10052.6 25.36963008 25.36963008}
2019/09/11 08:34:41 streamdata.go:16: action=StreamIngestionData, {BTC_USD 2019-09-10T23:34:41.1409807Z 377252 10069.2 10082.5 0.01 0.1 77.35814826 81.47021112 10052.6 25.36963008 25.36963008}
2019/09/11 08:34:43 streamdata.go:16: action=StreamIngestionData, {BTC_USD 2019-09-10T23:34:42.8121983Z 377253 10069.2 10082.5 0.01 0.1 77.35814826 81.49021112 10052.6 25.36963008 25.36963008}
2019/09/11 08:34:54 streamdata.go:16: action=StreamIngestionData, {BTC_USD 2019-09-10T23:34:53.8025847Z 377256 10069.2 10082.5 0.01 0.1 77.33830386 81.53021112 10052.6 25.36963008 25.36963008}
2019/09/11 08:35:00 streamdata.go:16: action=StreamIngestionData, {BTC_USD 2019-09-10T23:35:00.6966106Z 377257 10069.2 10082.5 0.01 0.1 77.35815422 81.53021112 10052.6 25.36963008 25.36963008}
2019/09/11 08:35:16 streamdata.go:16: action=StreamIngestionData, {BTC_USD 2019-09-10T23:35:15.8940933Z 377258 10069.2 10082.5 0.01 0.1 77.3382953 81.53021112 10052.6 25.36963008 25.36963008}
2019/09/11 08:35:19 streamdata.go:16: action=StreamIngestionData, {BTC_USD 2019-09-10T23:35:19.2535914Z 377259 10069.2 10082.5 0.01 0.1 77.35815122 81.53021112 10052.6 25.36963008 25.36963008}
2019/09/11 08:35:39 streamdata.go:16: action=StreamIngestionData, {BTC_USD 2019-09-10T23:35:39.3688092Z 377260 10069.2 10082.5 0.01 0.1 77.3382953 81.53021112 10052.6 25.36963008 25.36963008}
2019/09/11 08:35:45 streamdata.go:16: action=StreamIngestionData, {BTC_USD 2019-09-10T23:35:45.8717603Z 377261 10069.2 10082.5 0.01 0.1 77.35814381 81.53021112 10052.6 25.36963008 25.36963008}
2019/09/11 08:35:48 streamdata.go:16: action=StreamIngestionData, {BTC_USD 2019-09-10T23:35:47.7798492Z 377262 10067.3 10082.5 0.03 0.1 77.34814381 81.53021112 10052.6 25.36963008 25.36963008}
2019/09/11 08:36:05 streamdata.go:16: action=StreamIngestionData, {BTC_USD 2019-09-10T23:36:05.086246Z 377263 10068.7 10082.5 0.01 0.1 77.35814381 81.53021112 10052.6 25.36963008 25.36963008}
2019/09/11 08:36:08 streamdata.go:16: action=StreamIngestionData, {BTC_USD 2019-09-10T23:36:08.1906589Z 377264 10067.3 10082.5 0.03 0.1 77.34814381 81.53021112 10052.6 25.36963008 25.36963008}
2019/09/11 08:36:14 streamdata.go:16: action=StreamIngestionData, {BTC_USD 2019-09-10T23:36:14.3501084Z 377265 10067.3 10082.5 0.03 0.1 77.32826713 81.53021112 10052.6 25.36963008 25.36963008}
2019/09/11 08:36:15 streamdata.go:16: action=StreamIngestionData, {BTC_USD 2019-09-10T23:36:15.8156944Z 377270 10067.3 10082.5 0.03 0.1 77.28856891 81.47021112 10052.6 25.36963008 25.36963008}
2019/09/11 08:36:18 streamdata.go:16: action=StreamIngestionData, {BTC_USD 2019-09-10T23:36:18.004949Z 377272 10067.3 10082.5 0.03 0.1 77.30845777 81.45021112 10052.6 25.36963008 25.36963008}
2019/09/11 08:36:19 streamdata.go:16: action=StreamIngestionData, {BTC_USD 2019-09-10T23:36:19.2572802Z 377276 10067.3 10072 0.03 0.01 77.32831602 81.38021112 10052.6 25.36963008 25.36963008}
2019/09/11 08:36:21 streamdata.go:16: action=StreamIngestionData, {BTC_USD 2019-09-10T23:36:21.4524964Z 377277 10067.3 10072 0.03 0.01 77.32831602 81.40021112 10052.6 25.36963008 25.36963008}
2019/09/11 08:36:22 streamdata.go:16: action=StreamIngestionData, {BTC_USD 2019-09-10T23:36:22.5488555Z 377279 10067.3 10072 0.03 0.01 77.34817502 81.38021112 10052.6 25.36963008 25.36963008}
2019/09/11 08:36:26 streamdata.go:16: action=StreamIngestionData, {BTC_USD 2019-09-10T23:36:26.3804787Z 377283 10067.3 10072 0.03 0.01 77.34817502 81.42021112 10052.6 25.36963008 25.36963008}
2019/09/11 08:36:29 streamdata.go:16: action=StreamIngestionData, {BTC_USD 2019-09-10T23:36:28.7067025Z 377286 10065.6 10072 0.01 0.01 77.31817502 81.42021112 10052.6 25.36963008 25.36963008}
2019/09/11 08:36:44 streamdata.go:16: action=StreamIngestionData, {BTC_USD 2019-09-10T23:36:44.7158555Z 377288 10065.6 10072 0.01 0.01 77.2983383 81.44021112 10052.6 25.36963008 25.36963008}
2019/09/11 08:36:47 streamdata.go:16: action=StreamIngestionData, {BTC_USD 2019-09-10T23:36:47.8891197Z 377289 10065.6 10072 0.01 0.01 77.2983383 81.42021112 10052.6 25.36963008 25.36963008}
2019/09/11 08:36:53 streamdata.go:16: action=StreamIngestionData, {BTC_USD 2019-09-10T23:36:53.1365091Z 377291 10067.2 10072 0.01 0.01 77.32819363 81.42021112 10052.6 25.36963008 25.36963008}
2019/09/11 08:36:54 streamdata.go:16: action=StreamIngestionData, {BTC_USD 2019-09-10T23:36:54.425111Z 377292 10067.2 10072 0.01 0.01 77.32819363 81.44021112 10052.6 25.36963008 25.36963008}
2019/09/11 08:37:01 streamdata.go:16: action=StreamIngestionData, {BTC_USD 2019-09-10T23:37:01.0060032Z 377293 10067.2 10072 0.01 0.01 77.33819363 81.44021112 10052.6 25.36963008 25.36963008}
2019/09/11 08:37:02 streamdata.go:16: action=StreamIngestionData, {BTC_USD 2019-09-10T23:37:02.1174356Z 377294 10065.6 10072 0.01 0.01 77.32819363 81.44021112 10052.6 25.36963008 25.36963008}
2019/09/11 08:37:05 streamdata.go:16: action=StreamIngestionData, {BTC_USD 2019-09-10T23:37:05.681561Z 377295 10065.6 10072 0.01 0.01 77.3083435 81.44021112 10052.6 25.36963008 25.36963008}
2019/09/11 08:37:12 streamdata.go:16: action=StreamIngestionData, {BTC_USD 2019-09-10T23:37:12.4756402Z 377296 10065.6 10072 0.01 0.01 77.32820427 81.44021112 10052.6 25.36963008 25.36963008}
2019/09/11 08:37:15 streamdata.go:16: action=StreamIngestionData, {BTC_USD 2019-09-10T23:37:15.533022Z 377298 10066.7 10072 0.02 0.01 77.34820427 81.42021112 10052.6 25.36963008 25.36963008}
2019/09/11 08:37:19 streamdata.go:16: action=StreamIngestionData, {BTC_USD 2019-09-10T23:37:19.6281102Z 377299 10066.7 10072 0.02 0.01 77.34820427 81.44021112 10052.6 25.36963008 25.36963008}
2019/09/11 08:37:20 streamdata.go:16: action=StreamIngestionData, {BTC_USD 2019-09-10T23:37:20.5351299Z 377300 10066.7 10072 0.02 0.01 77.34820427 81.42021112 10052.6 25.36963008 25.36963008}
2019/09/11 08:37:23 streamdata.go:16: action=StreamIngestionData, {BTC_USD 2019-09-10T23:37:22.7878109Z 377302 10065.6 10072 0.01 0.01 77.32820427 81.41724693 10052.6 25.36963008 25.36963008}
2019/09/11 08:37:24 streamdata.go:16: action=StreamIngestionData, {BTC_USD 2019-09-10T23:37:24.319486Z 377303 10065.6 10072 0.01 0.01 77.32820427 81.42141323 10052.6 25.36963008 25.36963008}
2019/09/11 08:37:27 streamdata.go:16: action=StreamIngestionData, {BTC_USD 2019-09-10T23:37:27.0548616Z 377304 10065.6 10072 0.01 0.01 77.32820427 81.44141323 10052.6 25.36963008 25.36963008}
2019/09/11 08:37:36 streamdata.go:16: action=StreamIngestionData, {BTC_USD 2019-09-10T23:37:36.1772269Z 377305 10066.7 10072 0.02 0.01 77.34820427 81.44141323 10052.6 25.36963008 25.36963008}
2019/09/11 08:38:05 streamdata.go:16: action=StreamIngestionData, {BTC_USD 2019-09-10T23:38:04.8107266Z 377306 10066.7 10072 0.02 0.01 73.94820427 81.44141323 10052.6 25.36963008 25.36963008}
2019/09/11 08:38:21 streamdata.go:16: action=StreamIngestionData, {BTC_USD 2019-09-10T23:38:20.8425684Z 377307 10066.7 10072 0.02 0.01 78.44820427 81.44141323 10052.6 25.36963008 25.36963008}
2019/09/11 08:38:25 streamdata.go:16: action=StreamIngestionData, {BTC_USD 2019-09-10T23:38:25.7007109Z 377309 10066.7 10072 0.02 0.01 78.42835576 81.42141323 10052.6 25.36963008 25.36963008}
2019/09/11 08:38:29 streamdata.go:16: action=StreamIngestionData, {BTC_USD 2019-09-10T23:38:28.9937623Z 377310 10066.7 10072 0.02 0.01 78.44821667 81.42141323 10052.6 25.36963008 25.36963008}
2019/09/11 08:38:38 streamdata.go:16: action=StreamIngestionData, {BTC_USD 2019-09-10T23:38:38.3269326Z 377311 10066.7 10072 0.02 0.01 78.44821667 81.44141323 10052.6 25.36963008 25.36963008}
2019/09/11 08:38:46 streamdata.go:16: action=StreamIngestionData, {BTC_USD 2019-09-10T23:38:46.2284675Z 377312 10066.7 10072 0.02 0.01 78.44821667 81.44141323 10052.6 25.36963008 25.36963008}
2019/09/11 08:38:53 streamdata.go:16: action=StreamIngestionData, {BTC_USD 2019-09-10T23:38:53.8025605Z 377313 10066.7 10072 0.02 0.01 78.44821667 81.43724693 10052.6 25.36963008 25.36963008}
2019/09/11 08:38:56 streamdata.go:16: action=StreamIngestionData, {BTC_USD 2019-09-10T23:38:56.13245Z 377315 10066.7 10072 0.02 0.01 78.42832781 81.41724693 10052.6 25.36963008 25.36963008}
2019/09/11 08:38:57 streamdata.go:16: action=StreamIngestionData, {BTC_USD 2019-09-10T23:38:57.3490224Z 377319 10066.7 10072 0.02 0.01 78.3886079 81.37724693 10052.6 25.36963008 25.36963008}
2019/09/11 08:38:59 streamdata.go:16: action=StreamIngestionData, {BTC_USD 2019-09-10T23:38:58.9402837Z 377323 10066.7 10072 0.02 0.01 78.34888888 81.33724693 10052.6 25.36963008 25.36963008}
2019/09/11 08:39:00 streamdata.go:16: action=StreamIngestionData, {BTC_USD 2019-09-10T23:39:00.6710731Z 377325 10066.7 10072 0.02 0.01 78.36876394 81.34141323 10052.6 25.36963008 25.36963008}
2019/09/11 08:39:02 streamdata.go:16: action=StreamIngestionData, {BTC_USD 2019-09-10T23:39:02.4642894Z 377326 10066.7 10072 0.02 0.01 78.37370794 81.34141323 10052.6 25.36963008 25.36963008}
2019/09/11 08:39:03 streamdata.go:16: action=StreamIngestionData, {BTC_USD 2019-09-10T23:39:03.8931963Z 377328 10066.7 10072 0.02 0.01 78.39355316 81.36141323 10052.6 25.36963008 25.36963008}
2019/09/11 08:39:06 streamdata.go:16: action=StreamIngestionData, {BTC_USD 2019-09-10T23:39:06.1250687Z 377336 10066.7 10082.76 0.02 0.12 78.43324201 81.23141323 10052.6 25.36963008 25.36963008}
2019/09/11 08:39:07 streamdata.go:16: action=StreamIngestionData, {BTC_USD 2019-09-10T23:39:07.3239433Z 377338 10066.7 10082.76 0.02 0.12 78.42829801 81.21141323 10052.6 25.36963008 25.36963008}
2019/09/11 08:39:10 streamdata.go:16: action=StreamIngestionData, {BTC_USD 2019-09-10T23:39:10.7297299Z 377339 10066.7 10082.76 0.02 0.12 78.44815287 81.21141323 10052.6 25.36963008 25.36963008}
2019/09/11 08:39:12 streamdata.go:16: action=StreamIngestionData, {BTC_USD 2019-09-10T23:39:12.7305507Z 377341 10066.7 10082.76 0.02 0.12 78.44815287 81.21141323 10052.6 25.36963008 25.36963008}
2019/09/11 08:39:14 streamdata.go:16: action=StreamIngestionData, {BTC_USD 2019-09-10T23:39:14.6342469Z 377342 10066.7 10082.76 0.02 0.12 78.44815287 81.23141323 10052.6 25.36963008 25.36963008}
2019/09/11 08:39:20 streamdata.go:16: action=StreamIngestionData, {BTC_USD 2019-09-10T23:39:19.7116734Z 377343 10066.7 10082.76 0.02 0.12 78.42830903 81.23141323 10052.6 25.36963008 25.36963008}
2019/09/11 08:39:25 streamdata.go:16: action=StreamIngestionData, {BTC_USD 2019-09-10T23:39:25.3720055Z 377344 10066.7 10077.9 0.02 0.1 78.42830903 81.33141323 10052.6 25.36963008 25.36963008}
2019/09/11 08:39:33 streamdata.go:16: action=StreamIngestionData, {BTC_USD 2019-09-10T23:39:33.5414092Z 377346 10066.7 10077.9 0.02 0.1 78.44816087 81.31141323 10052.6 25.36963008 25.36963008}
2019/09/11 08:39:34 streamdata.go:16: action=StreamIngestionData, {BTC_USD 2019-09-10T23:39:34.7859318Z 377347 10066.7 10077.9 0.02 0.1 78.42830903 81.31141323 10052.6 25.36963008 25.36963008}
2019/09/11 08:39:38 streamdata.go:16: action=StreamIngestionData, {BTC_USD 2019-09-10T23:39:37.9664554Z 377348 10066.7 10077.9 0.02 0.1 78.42830903 81.51141323 10052.6 25.36963008 25.36963008}
2019/09/11 08:39:40 streamdata.go:16: action=StreamIngestionData, {BTC_USD 2019-09-10T23:39:40.5846059Z 377349 10066.7 10077.9 0.02 0.1 78.42830903 81.53141323 10052.6 25.36963008 25.36963008}
2019/09/11 08:39:46 streamdata.go:16: action=StreamIngestionData, {BTC_USD 2019-09-10T23:39:46.7138039Z 377351 10066.7 10077.9 0.02 0.1 78.44815207 81.51141323 10052.6 25.36963008 25.36963008}
2019/09/11 08:39:47 streamdata.go:16: action=StreamIngestionData, {BTC_USD 2019-09-10T23:39:47.6660249Z 377354 10066.7 10077.9 0.02 0.1 78.408432 81.49141323 10052.6 25.36963008 25.36963008}
2019/09/11 08:39:49 streamdata.go:16: action=StreamIngestionData, {BTC_USD 2019-09-10T23:39:48.759869Z 377356 10066.7 10077.9 0.02 0.1 78.36872181 81.49141323 10052.6 25.36963008 25.36963008}
2019/09/11 08:39:50 streamdata.go:16: action=StreamIngestionData, {BTC_USD 2019-09-10T23:39:50.0883196Z 377362 10066.7 10079.6 0.02 0.2 78.32903355 81.37141323 10052.6 25.36963008 25.36963008}
2019/09/11 08:39:51 streamdata.go:16: action=StreamIngestionData, {BTC_USD 2019-09-10T23:39:51.6208197Z 377363 10066.7 10079.6 0.02 0.2 78.34887436 81.37141323 10052.6 25.36963008 25.36963008}
2019/09/11 08:39:52 streamdata.go:16: action=StreamIngestionData, {BTC_USD 2019-09-10T23:39:52.5606496Z 377364 10066.7 10079.6 0.02 0.2 78.34887436 81.39141323 10052.6 25.36963008 25.36963008}
2019/09/11 08:39:53 streamdata.go:16: action=StreamIngestionData, {BTC_USD 2019-09-10T23:39:53.5299057Z 377366 10066.7 10079.6 0.02 0.2 78.36869647 81.37141323 10052.6 25.36963008 25.36963008}
2019/09/11 08:39:55 streamdata.go:16: action=StreamIngestionData, {BTC_USD 2019-09-10T23:39:55.2843531Z 377370 10066.7 10079.6 0.02 0.2 78.39349398 81.37141323 10052.6 25.36963008 25.36963008}
2019/09/11 08:39:56 streamdata.go:16: action=StreamIngestionData, {BTC_USD 2019-09-10T23:39:56.4844445Z 377375 10066.7 10079.6 0.02 0.2 78.43313936 81.39141323 10052.6 25.36963008 25.36963008}
2019/09/11 08:39:59 streamdata.go:16: action=StreamIngestionData, {BTC_USD 2019-09-10T23:39:59.1744353Z 377376 10066.7 10079.6 0.02 0.2 78.43313936 81.37141323 10052.6 25.36963008 25.36963008}
2019/09/11 08:40:00 streamdata.go:16: action=StreamIngestionData, {BTC_USD 2019-09-10T23:40:00.1749782Z 377378 10066.7 10079.6 0.02 0.2 78.43313936 81.37141323 10052.6 25.36963008 25.36963008}
2019/09/11 08:40:01 streamdata.go:16: action=StreamIngestionData, {BTC_USD 2019-09-10T23:40:00.9453228Z 377379 10066.7 10079.6 0.02 0.2 78.41329855 81.37141323 10052.6 25.36963008 25.36963008}
2019/09/11 08:40:02 streamdata.go:16: action=StreamIngestionData, {BTC_USD 2019-09-10T23:40:02.0191631Z 377380 10066.7 10079.6 0.02 0.2 78.41329855 81.39141323 10052.6 25.36963008 25.36963008}
2019/09/11 08:40:03 streamdata.go:16: action=StreamIngestionData, {BTC_USD 2019-09-10T23:40:03.050804Z 377382 10066.7 10079.6 0.02 0.2 78.39347475 81.41141323 10052.6 25.36963008 25.36963008}
2019/09/11 08:40:04 streamdata.go:16: action=StreamIngestionData, {BTC_USD 2019-09-10T23:40:04.5516321Z 377385 10066.7 10078.8 0.02 0.08 78.37365317 81.47141323 10052.6 25.36963008 25.36963008}
2019/09/11 08:40:05 streamdata.go:16: action=StreamIngestionData, {BTC_USD 2019-09-10T23:40:05.7708726Z 377386 10066.7 10078.8 0.02 0.08 78.37365317 81.49141323 10052.6 25.36963008 25.36963008}
2019/09/11 08:40:06 streamdata.go:16: action=StreamIngestionData, {BTC_USD 2019-09-10T23:40:06.5681925Z 377387 10066.7 10078.8 0.02 0.08 78.37365317 81.51141323 10052.6 25.36963008 25.36963008}
2019/09/11 08:40:07 streamdata.go:16: action=StreamIngestionData, {BTC_USD 2019-09-10T23:40:07.6783644Z 377388 10066.7 10078.8 0.02 0.08 78.39348202 81.51141323 10052.6 25.36963008 25.36963008}
2019/09/11 08:40:09 streamdata.go:16: action=StreamIngestionData, {BTC_USD 2019-09-10T23:40:09.1165922Z 377389 10066.7 10078.8 0.02 0.08 78.41329969 81.51141323 10052.6 25.36963008 25.36963008}
2019/09/11 08:40:10 streamdata.go:16: action=StreamIngestionData, {BTC_USD 2019-09-10T23:40:09.8669967Z 377395 10079.5 10082.76 0.02 0.12 78.41329969 81.23141323 10052.6 25.36963008 25.36963008}
2019/09/11 08:40:20 streamdata.go:16: action=StreamIngestionData, {BTC_USD 2019-09-10T23:40:20.171575Z 377398 10079.5 10082.76 0.02 0.12 78.04312127 81.22141323 10052.6 25.36963008 25.36963008}
2019/09/11 08:40:38 streamdata.go:16: action=StreamIngestionData, {BTC_USD 2019-09-10T23:40:38.6967263Z 377404 10079.5 10082.76 0.02 0.12 78.08312127 81.11141323 10052.6 25.36963008 25.36963008}
2019/09/11 08:40:41 streamdata.go:16: action=StreamIngestionData, {BTC_USD 2019-09-10T23:40:40.573206Z 377406 10079.5 10082.76 0.02 0.12 78.0633036 81.12141323 10052.6 25.36963008 25.36963008}
2019/09/11 08:40:43 streamdata.go:16: action=StreamIngestionData, {BTC_USD 2019-09-10T23:40:43.3729526Z 377408 10079.5 10082.76 0.02 0.12 78.0633036 81.08141323 10052.6 25.36963008 25.36963008}
2019/09/11 08:40:44 streamdata.go:16: action=StreamIngestionData, {BTC_USD 2019-09-10T23:40:44.2788843Z 377409 10079.5 10082.76 0.02 0.12 78.0633036 81.10141323 10052.6 25.36963008 25.36963008}
2019/09/11 08:40:45 streamdata.go:16: action=StreamIngestionData, {BTC_USD 2019-09-10T23:40:45.2486565Z 377410 10079.5 10082.76 0.02 0.12 78.0633036 81.12141323 10052.6 25.36963008 25.36963008}
2019/09/11 08:40:46 streamdata.go:16: action=StreamIngestionData, {BTC_USD 2019-09-10T23:40:46.7963399Z 377411 10079.5 10082.76 0.02 0.12 78.0633036 81.22141323 10052.6 25.36963008 25.36963008}
2019/09/11 08:40:48 streamdata.go:16: action=StreamIngestionData, {BTC_USD 2019-09-10T23:40:48.4721772Z 377413 10079.5 10082.76 0.02 0.12 78.0633036 81.22141323 10052.6 25.36963008 25.36963008}
2019/09/11 08:40:50 streamdata.go:16: action=StreamIngestionData, {BTC_USD 2019-09-10T23:40:49.7829253Z 377414 10079.5 10082.76 0.02 0.12 78.0633036 81.24141323 10052.6 25.36963008 25.36963008}
2019/09/11 08:40:54 streamdata.go:16: action=StreamIngestionData, {BTC_USD 2019-09-10T23:40:54.8798613Z 377415 10079.5 10082.76 0.02 0.12 78.08312367 81.24141323 10052.6 25.36963008 25.36963008}
2019/09/11 08:40:57 streamdata.go:16: action=StreamIngestionData, {BTC_USD 2019-09-10T23:40:57.7409336Z 377416 10079.5 10082.76 0.02 0.12 78.08312367 81.51141323 10052.6 25.36963008 25.36963008}
2019/09/11 08:40:59 streamdata.go:16: action=StreamIngestionData, {BTC_USD 2019-09-10T23:40:59.1333723Z 377417 10079.5 10082.76 0.02 0.12 78.0633036 81.51141323 10052.6 25.36963008 25.36963008}
2019/09/11 08:41:05 streamdata.go:16: action=StreamIngestionData, {BTC_USD 2019-09-10T23:41:05.7164497Z 377418 10079.5 10082.76 0.02 0.12 78.08313672 81.51141323 10052.6 25.36963008 25.36963008}
2019/09/11 08:41:12 streamdata.go:16: action=StreamIngestionData, {BTC_USD 2019-09-10T23:41:12.5181031Z 377420 10079.5 10082.76 0.02 0.12 78.08312365 81.51141323 10052.6 25.36963008 25.36963008}
2019/09/11 08:41:48 streamdata.go:16: action=StreamIngestionData, {BTC_USD 2019-09-10T23:41:48.3448382Z 377421 10079.5 10082.76 0.02 0.12 78.0633036 81.51141323 10052.6 25.36963008 25.36963008}
2019/09/11 08:41:51 streamdata.go:16: action=StreamIngestionData, {BTC_USD 2019-09-10T23:41:51.6747522Z 377422 10079.5 10082.76 0.02 0.12 78.08313259 81.51141323 10052.6 25.36963008 25.36963008}
2019/09/11 08:42:03 streamdata.go:16: action=StreamIngestionData, {BTC_USD 2019-09-10T23:42:02.9512482Z 377423 10079.5 10082.76 0.02 0.12 78.07818859 81.51141323 10052.6 25.36963008 25.36963008}
2019/09/11 08:42:06 streamdata.go:16: action=StreamIngestionData, {BTC_USD 2019-09-10T23:42:06.1287096Z 377424 10079.5 10082.76 0.02 0.12 78.09801628 81.51141323 10052.6 25.36963008 25.36963008}
2019/09/11 08:42:32 streamdata.go:16: action=StreamIngestionData, {BTC_USD 2019-09-10T23:42:32.0789113Z 377428 10079.5 10082.76 0.02 0.12 78.09801628 81.32141323 10052.6 25.36963008 25.36963008}
2019/09/11 08:42:33 streamdata.go:16: action=StreamIngestionData, {BTC_USD 2019-09-10T23:42:33.0293131Z 377430 10079.5 10082.76 0.02 0.12 78.0781947 81.30141323 10052.6 25.36963008 25.36963008}
2019/09/11 08:42:35 streamdata.go:16: action=StreamIngestionData, {BTC_USD 2019-09-10T23:42:35.7053217Z 377431 10079.5 10082.76 0.02 0.12 78.05837259 81.30141323 10052.6 25.36963008 25.36963008}
2019/09/11 08:42:39 streamdata.go:16: action=StreamIngestionData, {BTC_USD 2019-09-10T23:42:39.7447729Z 377432 10079.5 10082.76 0.02 0.12 78.05837259 81.32141323 10052.6 25.36963008 25.36963008}
2019/09/11 08:42:42 streamdata.go:16: action=StreamIngestionData, {BTC_USD 2019-09-10T23:42:42.4217739Z 377434 10079.5 10082.76 0.02 0.12 78.07820333 81.31141323 10052.6 25.36963008 25.36963008}
2019/09/11 08:42:53 streamdata.go:16: action=StreamIngestionData, {BTC_USD 2019-09-10T23:42:53.1373596Z 377449 10081.4 10082.76 0.01 0.02 77.78803248 80.04141323 10052.6 25.36963008 25.36963008}
2019/09/11 08:42:56 streamdata.go:16: action=StreamIngestionData, {BTC_USD 2019-09-10T23:42:56.3223452Z 377450 10081.4 10082.76 0.01 0.02 77.78803248 80.06141323 10052.6 25.36963008 25.36963008}
2019/09/11 08:43:12 streamdata.go:16: action=StreamIngestionData, {BTC_USD 2019-09-10T23:43:12.3026842Z 377451 10081.4 10082.76 0.01 0.02 77.78803248 80.66141323 10052.6 25.36963008 25.36963008}
2019/09/11 08:43:13 streamdata.go:16: action=StreamIngestionData, {BTC_USD 2019-09-10T23:43:13.1653178Z 377453 10081.4 10082.76 0.01 0.02 77.76820349 80.64141323 10052.6 25.36963008 25.36963008}
2019/09/11 08:43:19 streamdata.go:16: action=StreamIngestionData, {BTC_USD 2019-09-10T23:43:19.1425052Z 377456 10081.4 10082.76 0.01 0.02 77.76819431 80.62141323 10052.6 25.36963008 25.36963008}
2019/09/11 08:43:20 streamdata.go:16: action=StreamIngestionData, {BTC_USD 2019-09-10T23:43:20.6855684Z 377458 10081.4 10082.76 0.01 0.02 77.7880232 80.64141323 10052.6 25.36963008 25.36963008}
2019/09/11 08:43:24 streamdata.go:16: action=StreamIngestionData, {BTC_USD 2019-09-10T23:43:24.231335Z 377459 10081.4 10082.76 0.01 0.02 77.7880232 81.24141323 10052.6 25.36963008 25.36963008}
2019/09/11 08:43:26 streamdata.go:16: action=StreamIngestionData, {BTC_USD 2019-09-10T23:43:26.2832199Z 377460 10081.4 10082.76 0.01 0.02 77.7880232 81.22141323 10052.6 25.36963008 25.36963008}
2019/09/11 08:43:28 streamdata.go:16: action=StreamIngestionData, {BTC_USD 2019-09-10T23:43:28.6087005Z 377462 10081.4 10082.76 0.01 0.02 77.76820323 81.24141323 10052.6 25.36963008 25.36963008}
2019/09/11 08:43:30 streamdata.go:16: action=StreamIngestionData, {BTC_USD 2019-09-10T23:43:30.1090793Z 377463 10081.4 10082.76 0.01 0.02 77.76820323 81.26141323 10052.6 25.36963008 25.36963008}
2019/09/11 08:43:35 streamdata.go:16: action=StreamIngestionData, {BTC_USD 2019-09-10T23:43:35.1446307Z 377465 10081.4 10082.76 0.01 0.02 77.77403028 81.46141323 10052.6 25.36963008 25.36963008}
2019/09/11 08:43:38 streamdata.go:16: action=StreamIngestionData, {BTC_USD 2019-09-10T23:43:38.8025496Z 377466 10081.4 10082.76 0.01 0.02 77.76820323 81.46141323 10052.6 25.36963008 25.36963008}
2019/09/11 08:43:42 streamdata.go:16: action=StreamIngestionData, {BTC_USD 2019-09-10T23:43:42.5416819Z 377467 10081.4 10082.76 0.01 0.02 77.78803767 81.46141323 10052.6 25.36963008 25.36963008}
2019/09/11 08:43:44 streamdata.go:16: action=StreamIngestionData, {BTC_USD 2019-09-10T23:43:44.5137339Z 377468 10081.4 10082.76 0.01 0.02 77.78803767 81.47141323 10052.6 25.36963008 25.36963008}
2019/09/11 08:43:45 streamdata.go:16: action=StreamIngestionData, {BTC_USD 2019-09-10T23:43:45.5778395Z 377469 10079.6 10082.76 0.12 0.02 77.77803767 81.47141323 10052.6 25.36963008 25.36963008}
2019/09/11 08:43:50 streamdata.go:16: action=StreamIngestionData, {BTC_USD 2019-09-10T23:43:50.1775629Z 377471 10079.6 10082.76 0.12 0.02 77.77803767 81.45141323 10052.6 25.36963008 25.36963008}
2019/09/11 08:43:51 streamdata.go:16: action=StreamIngestionData, {BTC_USD 2019-09-10T23:43:51.3778848Z 377472 10079.6 10082.76 0.12 0.02 77.75820323 81.45141323 10052.6 25.36963008 25.36963008}
2019/09/11 08:43:54 streamdata.go:16: action=StreamIngestionData, {BTC_USD 2019-09-10T23:43:53.8161753Z 377473 10079.6 10082.76 0.12 0.02 77.75820323 81.47141323 10052.6 25.36963008 25.36963008}
2019/09/11 08:43:57 streamdata.go:16: action=StreamIngestionData, {BTC_USD 2019-09-10T23:43:57.7255066Z 377474 10079.6 10082.76 0.12 0.02 77.77802713 81.47141323 10052.6 25.36963008 25.36963008}
2019/09/11 08:44:00 streamdata.go:16: action=StreamIngestionData, {BTC_USD 2019-09-10T23:44:00.2283689Z 377475 10079.6 10082.76 0.12 0.02 77.77802713 76.47141323 10052.6 25.36963008 25.36963008}
2019/09/11 08:44:01 streamdata.go:16: action=StreamIngestionData, {BTC_USD 2019-09-10T23:44:01.3392816Z 377476 10079.6 10082.76 0.12 0.02 77.87802713 76.47141323 10052.6 25.36963008 25.36963008}
2019/09/11 08:44:06 streamdata.go:16: action=StreamIngestionData, {BTC_USD 2019-09-10T23:44:05.9694857Z 377479 10079.6 10082.76 0.12 0.02 77.85819639 76.43141323 10052.6 25.36963008 25.36963008}
2019/09/11 08:44:08 streamdata.go:16: action=StreamIngestionData, {BTC_USD 2019-09-10T23:44:08.3476813Z 377480 10079.6 10082.76 0.12 0.02 77.85819639 76.45141323 10052.6 25.36963008 25.36963008}
2019/09/11 08:44:12 streamdata.go:16: action=StreamIngestionData, {BTC_USD 2019-09-10T23:44:12.5980378Z 377481 10079.6 10082.76 0.12 0.02 77.85819639 76.47141323 10052.6 25.36963008 25.36963008}
2019/09/11 08:44:15 streamdata.go:16: action=StreamIngestionData, {BTC_USD 2019-09-10T23:44:15.4747499Z 377483 10079.6 10082.76 0.12 0.02 77.97802163 76.47141323 10052.6 25.36963008 25.36963008}
2019/09/11 08:44:33 streamdata.go:16: action=StreamIngestionData, {BTC_USD 2019-09-10T23:44:33.2511699Z 377484 10079.6 10082.76 0.12 0.02 77.97802163 76.45141323 10052.6 25.36963008 25.36963008}
2019/09/11 08:44:34 streamdata.go:16: action=StreamIngestionData, {BTC_USD 2019-09-10T23:44:34.5381818Z 377486 10079.6 10082.76 0.12 0.02 77.95819639 76.43141323 10052.6 25.36963008 25.36963008}
2019/09/11 08:44:36 streamdata.go:16: action=StreamIngestionData, {BTC_USD 2019-09-10T23:44:36.539938Z 377488 10079.6 10082.76 0.12 0.02 77.93837249 76.45141323 10052.6 25.36963008 25.36963008}
2019/09/11 08:44:38 streamdata.go:16: action=StreamIngestionData, {BTC_USD 2019-09-10T23:44:38.5062725Z 377489 10079.6 10082.76 0.12 0.02 77.95820533 76.45141323 10052.6 25.36963008 25.36963008}
2019/09/11 08:44:40 streamdata.go:16: action=StreamIngestionData, {BTC_USD 2019-09-10T23:44:40.7405208Z 377491 10079.6 10082.76 0.12 0.02 77.97803676 82.15141323 10052.6 25.36963008 25.36963008}
2019/09/11 08:44:42 streamdata.go:16: action=StreamIngestionData, {BTC_USD 2019-09-10T23:44:42.5152173Z 377494 10079.6 10082.76 0.12 0.02 77.93835041 82.17141323 10052.6 25.36963008 25.36963008}
2019/09/11 08:44:43 streamdata.go:16: action=StreamIngestionData, {BTC_USD 2019-09-10T23:44:43.4753119Z 377496 10079.6 10082.76 0.12 0.02 77.91852156 82.15141323 10052.6 25.36963008 25.36963008}
2019/09/11 08:44:45 streamdata.go:16: action=StreamIngestionData, {BTC_USD 2019-09-10T23:44:44.9217551Z 377498 10079.6 10082.76 0.12 0.02 77.87886124 82.15141323 10052.6 25.36963008 25.36963008}
2019/09/11 08:44:46 streamdata.go:16: action=StreamIngestionData, {BTC_USD 2019-09-10T23:44:45.9350339Z 377501 10079.6 10082.76 0.12 0.02 77.89872379 82.11141323 10052.6 25.36963008 25.36963008}
2019/09/11 08:44:47 streamdata.go:16: action=StreamIngestionData, {BTC_USD 2019-09-10T23:44:47.099903Z 377502 10079.6 10082.76 0.12 0.02 77.91856778 82.11141323 10052.6 25.36963008 25.36963008}
2019/09/11 08:44:48 streamdata.go:16: action=StreamIngestionData, {BTC_USD 2019-09-10T23:44:48.0025125Z 377503 10079.6 10082.76 0.12 0.02 77.93841501 82.11141323 10052.6 25.36963008 25.36963008}
2019/09/11 08:44:49 streamdata.go:16: action=StreamIngestionData, {BTC_USD 2019-09-10T23:44:49.6187812Z 377505 10079.6 10082.76 0.12 0.02 77.95825716 82.11389623 10052.6 25.36963008 25.36963008}
2019/09/11 08:44:50 streamdata.go:16: action=StreamIngestionData, {BTC_USD 2019-09-10T23:44:50.5831109Z 377511 10077.2 10082.76 0.1 0.02 77.71809726 82.11389623 10052.6 25.36963008 25.36963008}
2019/09/11 08:44:52 streamdata.go:16: action=StreamIngestionData, {BTC_USD 2019-09-10T23:44:51.9923775Z 377512 10077.2 10082.76 0.1 0.02 77.71809726 82.13389623 10052.6 25.36963008 25.36963008}
2019/09/11 08:44:58 streamdata.go:16: action=StreamIngestionData, {BTC_USD 2019-09-10T23:44:58.7890395Z 377514 10077.2 10082.76 0.1 0.02 77.69825003 82.15389623 10052.6 25.36963008 25.36963008}
2019/09/11 08:45:00 streamdata.go:16: action=StreamIngestionData, {BTC_USD 2019-09-10T23:44:59.8729906Z 377516 10077.2 10082.76 0.1 0.02 77.67840993 82.15141323 10052.6 25.36963008 25.36963008}
2019/09/11 08:45:01 streamdata.go:16: action=StreamIngestionData, {BTC_USD 2019-09-10T23:45:01.3489244Z 377517 10077.2 10082.76 0.1 0.02 77.65856778 82.15141323 10052.6 25.36963008 25.36963008}
2019/09/11 08:45:04 streamdata.go:16: action=StreamIngestionData, {BTC_USD 2019-09-10T23:45:04.7823853Z 377519 10077.2 10082.76 0.1 0.02 77.67840131 82.13141323 10052.6 25.36963008 25.36963008}
2019/09/11 08:45:05 streamdata.go:16: action=StreamIngestionData, {BTC_USD 2019-09-10T23:45:05.5407814Z 377520 10077.2 10082.76 0.1 0.02 77.69823301 82.13141323 10052.6 25.36963008 25.36963008}
2019/09/11 08:45:07 streamdata.go:16: action=StreamIngestionData, {BTC_USD 2019-09-10T23:45:06.9866959Z 377523 10077.2 10082.76 0.1 0.02 77.72806513 82.15141323 10052.6 25.36963008 25.36963008}
2019/09/11 08:45:08 streamdata.go:16: action=StreamIngestionData, {BTC_USD 2019-09-10T23:45:08.6265589Z 377524 10077.2 10082.76 0.1 0.02 77.72806513 82.17141323 10052.6 25.36963008 25.36963008}
2019/09/11 08:45:11 streamdata.go:16: action=StreamIngestionData, {BTC_USD 2019-09-10T23:45:11.6492824Z 377525 10077.2 10082.76 0.1 0.02 77.70820258 82.17141323 10052.6 25.36963008 25.36963008}
2019/09/11 08:45:16 streamdata.go:16: action=StreamIngestionData, {BTC_USD 2019-09-10T23:45:16.2399647Z 377526 10077.2 10082.76 0.1 0.02 77.68837088 82.17141323 10052.6 25.36963008 25.36963008}
2019/09/11 08:45:17 streamdata.go:16: action=StreamIngestionData, {BTC_USD 2019-09-10T23:45:17.1053819Z 377527 10077.2 10082.76 0.1 0.02 77.68837088 82.15141323 10052.6 25.36963008 25.36963008}
2019/09/11 08:45:18 streamdata.go:16: action=StreamIngestionData, {BTC_USD 2019-09-10T23:45:18.0513036Z 377529 10077.5 10082.76 0.01 0.02 77.71822233 82.15141323 10052.6 25.36963008 25.36963008}
2019/09/11 08:45:19 streamdata.go:16: action=StreamIngestionData, {BTC_USD 2019-09-10T23:45:19.2883719Z 377532 10077.5 10082.76 0.01 0.02 77.6983888 82.11141323 10052.6 25.36963008 25.36963008}
2019/09/11 08:45:21 streamdata.go:16: action=StreamIngestionData, {BTC_USD 2019-09-10T23:45:21.5930137Z 377533 10077.5 10082.76 0.01 0.02 77.71821364 82.11141323 10052.6 25.36963008 25.36963008}
2019/09/11 08:45:22 streamdata.go:16: action=StreamIngestionData, {BTC_USD 2019-09-10T23:45:22.858003Z 377534 10077.5 10082.76 0.01 0.02 77.73803626 82.11141323 10052.6 25.36963008 25.36963008}
2019/09/11 08:45:23 streamdata.go:16: action=StreamIngestionData, {BTC_USD 2019-09-10T23:45:23.7722047Z 377535 10077.5 10082.76 0.01 0.02 77.73803626 82.13141323 10052.6 25.36963008 25.36963008}
2019/09/11 08:45:24 streamdata.go:16: action=StreamIngestionData, {BTC_USD 2019-09-10T23:45:24.7313347Z 377536 10077.5 10082.76 0.01 0.02 77.73803626 82.15141323 10052.6 25.36963008 25.36963008}
2019/09/11 08:45:25 streamdata.go:16: action=StreamIngestionData, {BTC_USD 2019-09-10T23:45:25.6615491Z 377537 10077.5 10082.76 0.01 0.02 77.73803626 82.17141323 10052.6 25.36963008 25.36963008}
2019/09/11 08:45:31 streamdata.go:16: action=StreamIngestionData, {BTC_USD 2019-09-10T23:45:30.9010793Z 377538 10077.5 10082.76 0.01 0.02 77.74803626 82.17141323 10052.6 25.36963008 25.36963008}
2019/09/11 08:45:42 streamdata.go:16: action=StreamIngestionData, {BTC_USD 2019-09-10T23:45:42.5971437Z 377539 10077.5 10082.76 0.01 0.02 77.74803626 82.15141323 10052.6 25.36963008 25.36963008}
2019/09/11 08:45:45 streamdata.go:16: action=StreamIngestionData, {BTC_USD 2019-09-10T23:45:45.1264298Z 377542 10077.5 10082.76 0.01 0.02 77.75836015 82.15141323 10052.6 25.36963008 25.36963008}
2019/09/11 08:45:46 streamdata.go:16: action=StreamIngestionData, {BTC_USD 2019-09-10T23:45:46.2272506Z 377543 10077.5 10082.76 0.01 0.02 77.77819456 82.15141323 10052.6 25.36963008 25.36963008}
2019/09/11 08:45:49 streamdata.go:16: action=StreamIngestionData, {BTC_USD 2019-09-10T23:45:49.1911683Z 377544 10077.5 10082.76 0.01 0.02 77.77819456 82.15559319 10052.6 25.36963008 25.36963008}
2019/09/11 08:45:50 streamdata.go:16: action=StreamIngestionData, {BTC_USD 2019-09-10T23:45:50.3734864Z 377546 10077.5 10082.76 0.01 0.02 71.59801901 82.15559319 10052.6 25.36963008 25.36963008}
2019/09/11 08:45:53 streamdata.go:16: action=StreamIngestionData, {BTC_USD 2019-09-10T23:45:53.2802917Z 377547 10077.5 10082.76 0.01 0.02 71.60801901 82.15559319 10052.6 25.36963008 25.36963008}
2019/09/11 08:45:58 streamdata.go:16: action=StreamIngestionData, {BTC_USD 2019-09-10T23:45:58.8902506Z 377548 10077.5 10082.76 0.01 0.02 71.58819639 82.15559319 10052.6 25.36963008 25.36963008}
2019/09/11 08:46:05 streamdata.go:16: action=StreamIngestionData, {BTC_USD 2019-09-10T23:46:05.5543878Z 377549 10077.5 10082.76 0.01 0.02 71.60801173 82.15559319 10052.6 25.36963008 25.36963008}
2019/09/11 08:46:14 streamdata.go:16: action=StreamIngestionData, {BTC_USD 2019-09-10T23:46:14.6845704Z 377550 10077.5 10082.76 0.01 0.02 76.20801173 82.15559319 10052.6 25.36963008 25.36963008}
2019/09/11 08:46:17 streamdata.go:16: action=StreamIngestionData, {BTC_USD 2019-09-10T23:46:17.6604783Z 377551 10077.5 10082.76 0.01 0.02 76.20801173 82.13559319 10052.6 25.36963008 25.36963008}
2019/09/11 08:46:24 streamdata.go:16: action=StreamIngestionData, {BTC_USD 2019-09-10T23:46:24.1421428Z 377552 10077.5 10082.76 0.01 0.02 76.20801173 82.15559319 10052.6 25.36963008 25.36963008}
2019/09/11 08:46:34 streamdata.go:16: action=StreamIngestionData, {BTC_USD 2019-09-10T23:46:34.6344984Z 377554 10077.5 10082.76 0.01 0.02 76.18816028 82.13559319 10052.6 25.36963008 25.36963008}
2019/09/11 08:46:38 streamdata.go:16: action=StreamIngestionData, {BTC_USD 2019-09-10T23:46:37.8769067Z 377557 10077.5 10082.76 0.01 0.02 76.16833544 82.13559319 10052.6 25.36963008 25.36963008}
2019/09/11 08:46:41 streamdata.go:16: action=StreamIngestionData, {BTC_USD 2019-09-10T23:46:41.4777657Z 377559 10077.5 10082.76 0.01 0.02 76.18817845 82.15559319 10052.6 25.36963008 25.36963008}
2019/09/11 08:46:44 streamdata.go:16: action=StreamIngestionData, {BTC_USD 2019-09-10T23:46:43.8220706Z 377561 10077.5 10082.76 0.01 0.02 76.18817108 82.15559319 10052.6 25.36963008 25.36963008}
2019/09/11 08:46:47 streamdata.go:16: action=StreamIngestionData, {BTC_USD 2019-09-10T23:46:46.9979928Z 377562 10077.5 10082.76 0.01 0.02 76.20799559 82.15559319 10052.6 25.36963008 25.36963008}
2019/09/11 08:46:51 streamdata.go:16: action=StreamIngestionData, {BTC_USD 2019-09-10T23:46:50.9987627Z 377564 10077.5 10082.76 0.01 0.02 76.20798791 82.15559319 10052.6 25.36963008 25.36963008}
2019/09/11 08:46:54 streamdata.go:16: action=StreamIngestionData, {BTC_USD 2019-09-10T23:46:54.4404582Z 377565 10077.5 10082.76 0.01 0.02 76.18817257 82.15559319 10052.6 25.36963008 25.36963008}
2019/09/11 08:47:01 streamdata.go:16: action=StreamIngestionData, {BTC_USD 2019-09-10T23:47:01.1922882Z 377567 10077.5 10082.76 0.01 0.02 76.188183 82.15559319 10052.6 25.36963008 25.36963008}
2019/09/11 08:47:09 streamdata.go:16: action=StreamIngestionData, {BTC_USD 2019-09-10T23:47:09.0865315Z 377569 10077.5 10082.76 0.01 0.02 76.20800751 82.13559319 10052.6 25.36963008 25.36963008}
2019/09/11 08:47:11 streamdata.go:16: action=StreamIngestionData, {BTC_USD 2019-09-10T23:47:10.8233114Z 377570 10077.5 10082.76 0.01 0.02 76.1881645 82.13559319 10052.6 25.36963008 25.36963008}
2019/09/11 08:47:15 streamdata.go:16: action=StreamIngestionData, {BTC_USD 2019-09-10T23:47:15.5351198Z 377571 10077.5 10082.76 0.01 0.02 76.1881645 82.15559319 10052.6 25.36963008 25.36963008}
2019/09/11 08:47:17 streamdata.go:16: action=StreamIngestionData, {BTC_USD 2019-09-10T23:47:17.4148827Z 377572 10077.5 10082.76 0.01 0.02 76.20801445 82.15559319 10052.6 25.36963008 25.36963008}
2019/09/11 08:47:27 streamdata.go:16: action=StreamIngestionData, {BTC_USD 2019-09-10T23:47:27.2987346Z 377573 10077.5 10082.76 0.01 0.02 76.18818719 82.15559319 10052.6 25.36963008 25.36963008}
2019/09/11 08:47:33 streamdata.go:16: action=StreamIngestionData, {BTC_USD 2019-09-10T23:47:33.7223305Z 377574 10077.5 10082.76 0.01 0.02 76.2080103 82.15559319 10052.6 25.36963008 25.36963008}
2019/09/11 08:47:40 streamdata.go:16: action=StreamIngestionData, {BTC_USD 2019-09-10T23:47:40.8199589Z 377576 10077.5 10082.76 0.01 0.02 76.20800239 82.15559319 10052.6 25.36963008 25.36963008}
2019/09/11 08:47:54 streamdata.go:16: action=StreamIngestionData, {BTC_USD 2019-09-10T23:47:54.2020923Z 377577 10077.5 10082.76 0.01 0.02 76.20800239 82.15142689 10052.6 25.36963008 25.36963008}
2019/09/11 08:48:01 streamdata.go:16: action=StreamIngestionData, {BTC_USD 2019-09-10T23:48:00.8772453Z 377579 10077.5 10082.76 0.01 0.02 76.18818719 82.17142689 10052.6 25.36963008 25.36963008}
2019/09/11 08:48:01 streamdata.go:16: action=StreamIngestionData, {BTC_USD 2019-09-10T23:48:01.8319064Z 377582 10077.5 10082.76 0.01 0.02 76.18815246 82.15142689 10052.6 25.36963008 25.36963008}
2019/09/11 08:48:07 streamdata.go:16: action=StreamIngestionData, {BTC_USD 2019-09-10T23:48:07.7087087Z 377583 10077.5 10082.76 0.01 0.02 76.16832795 82.15142689 10052.6 25.36963008 25.36963008}
2019/09/11 08:48:14 streamdata.go:16: action=StreamIngestionData, {BTC_USD 2019-09-10T23:48:14.0628755Z 377586 10077.5 10082.76 0.01 0.02 76.20798965 82.17142689 10052.6 25.36963008 25.36963008}
2019/09/11 08:48:19 streamdata.go:16: action=StreamIngestionData, {BTC_USD 2019-09-10T23:48:19.0704381Z 377587 10077.5 10082.76 0.01 0.02 76.20798965 82.15142689 10052.6 25.36963008 25.36963008}
2019/09/11 08:48:20 streamdata.go:16: action=StreamIngestionData, {BTC_USD 2019-09-10T23:48:20.7707444Z 377588 10077.5 10082.76 0.01 0.02 76.18817135 82.15142689 10052.6 25.36963008 25.36963008}
2019/09/11 08:48:22 streamdata.go:16: action=StreamIngestionData, {BTC_USD 2019-09-10T23:48:22.5348566Z 377589 10077.5 10082.76 0.01 0.02 76.18817135 82.17142689 10052.6 25.36963008 25.36963008}
2019/09/11 08:48:27 streamdata.go:16: action=StreamIngestionData, {BTC_USD 2019-09-10T23:48:27.1921924Z 377590 10077.5 10082.76 0.01 0.02 76.20799584 82.17142689 10052.6 25.36963008 25.36963008}
2019/09/11 08:48:30 streamdata.go:16: action=StreamIngestionData, {BTC_USD 2019-09-10T23:48:30.1306183Z 377592 10077.5 10082.76 0.01 0.02 76.18817135 82.15142689 10052.6 25.36963008 25.36963008}
2019/09/11 08:48:32 streamdata.go:16: action=StreamIngestionData, {BTC_USD 2019-09-10T23:48:32.7698038Z 377595 10077.5 10082.76 0.01 0.02 76.14850925 82.14724693 10052.6 25.36963008 25.36963008}
2019/09/11 08:48:34 streamdata.go:16: action=StreamIngestionData, {BTC_USD 2019-09-10T23:48:34.07371Z 377596 10077.5 10082.76 0.01 0.02 76.14850925 82.12724693 10052.6 25.36963008 25.36963008}
2019/09/11 08:48:36 streamdata.go:16: action=StreamIngestionData, {BTC_USD 2019-09-10T23:48:36.6074823Z 377597 10077.5 10082.76 0.01 0.02 76.14850925 82.14724693 10052.6 25.36963008 25.36963008}
2019/09/11 08:48:37 streamdata.go:16: action=StreamIngestionData, {BTC_USD 2019-09-10T23:48:37.3458145Z 377600 10077.5 10082.76 0.01 0.02 76.16833071 82.17173071 10052.6 25.36963008 25.36963008}
2019/09/11 08:48:38 streamdata.go:16: action=StreamIngestionData, {BTC_USD 2019-09-10T23:48:38.2483261Z 377602 10077.5 10082.76 0.01 0.02 76.15345325 82.17173071 10052.6 25.36963008 25.36963008}
2019/09/11 08:48:39 streamdata.go:16: action=StreamIngestionData, {BTC_USD 2019-09-10T23:48:39.3484536Z 377605 10077.5 10082.76 0.01 0.02 76.15346173 82.15173071 10052.6 25.36963008 25.36963008}
2019/09/11 08:48:42 streamdata.go:16: action=StreamIngestionData, {BTC_USD 2019-09-10T23:48:42.2614203Z 377606 10077.5 10082.76 0.01 0.02 76.15346173 82.17173071 10052.6 25.36963008 25.36963008}
2019/09/11 08:48:44 streamdata.go:16: action=StreamIngestionData, {BTC_USD 2019-09-10T23:48:44.6601751Z 377607 10077.5 10082.76 0.01 0.02 76.17327398 82.17173071 10052.6 25.36963008 25.36963008}
2019/09/11 08:48:46 streamdata.go:16: action=StreamIngestionData, {BTC_USD 2019-09-10T23:48:46.2467844Z 377609 10077.5 10082.76 0.01 0.02 76.19308406 82.17173071 10052.6 25.36963008 25.36963008}
2019/09/11 08:48:52 streamdata.go:16: action=StreamIngestionData, {BTC_USD 2019-09-10T23:48:52.027987Z 377610 10077.5 10082.76 0.01 0.02 76.17326884 82.17173071 10052.6 25.36963008 25.36963008}
2019/09/11 08:48:54 streamdata.go:16: action=StreamIngestionData, {BTC_USD 2019-09-10T23:48:54.7253039Z 377612 10077.5 10082.76 0.01 0.02 76.15342544 82.15173071 10052.6 25.36963008 25.36963008}
2019/09/11 08:48:56 streamdata.go:16: action=StreamIngestionData, {BTC_USD 2019-09-10T23:48:56.8977254Z 377614 10077.5 10082.76 0.01 0.02 76.17323134 82.13173071 10052.6 25.36963008 25.36963008}
2019/09/11 08:48:58 streamdata.go:16: action=StreamIngestionData, {BTC_USD 2019-09-10T23:48:58.7739521Z 377615 10077.5 10082.76 0.01 0.02 76.17323134 82.11173071 10052.6 25.36963008 25.36963008}
2019/09/11 08:49:00 streamdata.go:16: action=StreamIngestionData, {BTC_USD 2019-09-10T23:49:00.0172117Z 377617 10077.5 10082.76 0.01 0.02 76.15341909 82.09173071 10052.6 25.36963008 25.36963008}
2019/09/11 08:49:01 streamdata.go:16: action=StreamIngestionData, {BTC_USD 2019-09-10T23:49:01.2743564Z 377621 10077.5 10082.76 0.01 0.02 72.87341909 81.83173071 10052.6 25.36963008 25.36963008}
2019/09/11 08:49:03 streamdata.go:16: action=StreamIngestionData, {BTC_USD 2019-09-10T23:49:03.2183756Z 377625 10077.5 10082.76 0.01 0.02 72.88829233 81.83173071 10052.6 25.36963008 25.36963008}
2019/09/11 08:49:05 streamdata.go:16: action=StreamIngestionData, {BTC_USD 2019-09-10T23:49:05.4197895Z 377627 10077.5 10082.76 0.01 0.02 72.88829233 81.87173071 10052.6 25.36963008 25.36963008}
2019/09/11 08:49:08 streamdata.go:16: action=StreamIngestionData, {BTC_USD 2019-09-10T23:49:08.4585183Z 377629 10077.5 10082.76 0.01 0.02 72.90811103 81.89173071 10052.6 25.36963008 25.36963008}
2019/09/11 08:49:10 streamdata.go:16: action=StreamIngestionData, {BTC_USD 2019-09-10T23:49:09.8880353Z 377630 10077.5 10082.76 0.01 0.02 72.92792026 81.89173071 10052.6 25.36963008 25.36963008}
2019/09/11 08:49:11 streamdata.go:16: action=StreamIngestionData, {BTC_USD 2019-09-10T23:49:11.3225112Z 377635 10077.2 10082.76 0.1 0.01 72.89808548 80.86173071 10052.6 25.36963008 25.36963008}
2019/09/11 08:49:12 streamdata.go:16: action=StreamIngestionData, {BTC_USD 2019-09-10T23:49:12.20468Z 377639 10077.2 10082.76 0.1 0.00703711 72.8584695 80.83876782 10082.76 25.37259297 25.37259297}
2019/09/11 08:49:14 streamdata.go:16: action=StreamIngestionData, {BTC_USD 2019-09-10T23:49:14.7658573Z 377642 10077.2 10091.9 0.1 0.2 72.8386508 80.81173071 10082.76 25.37963008 25.37963008}
2019/09/11 08:49:18 streamdata.go:16: action=StreamIngestionData, {BTC_USD 2019-09-10T23:49:17.976432Z 377644 10077.2 10091.9 0.11982695 0.2 72.83866973 80.81173071 10082.76 25.37963008 25.37963008}
2019/09/11 08:49:19 streamdata.go:16: action=StreamIngestionData, {BTC_USD 2019-09-10T23:49:18.9990567Z 377651 10077.2 10091.9 0.13962236 0.2 72.90106952 80.87173071 10082.76 25.37963008 25.37963008}
2019/09/11 08:49:20 streamdata.go:16: action=StreamIngestionData, {BTC_USD 2019-09-10T23:49:20.7639768Z 377657 10088.6 10095.5 0.01 0.6 72.88127411 80.75173071 10082.76 25.37963008 25.37963008}
2019/09/11 08:49:22 streamdata.go:16: action=StreamIngestionData, {BTC_USD 2019-09-10T23:49:21.8658122Z 377661 10088.6 10095.5 0.01 0.6 72.85846312 80.71173071 10082.76 25.37963008 25.37963008}
2019/09/11 08:49:23 streamdata.go:16: action=StreamIngestionData, {BTC_USD 2019-09-10T23:49:22.9946154Z 377662 10088.6 10095.5 0.01 0.6 72.85846312 80.73173071 10082.76 25.37963008 25.37963008}
2019/09/11 08:49:24 streamdata.go:16: action=StreamIngestionData, {BTC_USD 2019-09-10T23:49:24.8197092Z 377663 10088.6 10095.5 0.01 0.6 72.85846312 80.71173071 10082.76 25.37963008 25.37963008}
2019/09/11 08:49:25 streamdata.go:16: action=StreamIngestionData, {BTC_USD 2019-09-10T23:49:25.7970963Z 377665 10088.6 10095.5 0.01 0.6 72.89807833 80.71173071 10082.76 25.37963008 25.37963008}
2019/09/11 08:49:28 streamdata.go:16: action=StreamIngestionData, {BTC_USD 2019-09-10T23:49:28.2243616Z 377666 10088.6 10095.5 0.01 0.6 72.89807833 80.73173071 10082.76 25.37963008 25.37963008}
2019/09/11 08:49:31 streamdata.go:16: action=StreamIngestionData, {BTC_USD 2019-09-10T23:49:30.9747583Z 377671 10088.6 10097.2 0.01 0.6 72.63791434 80.15173071 10082.76 25.37963008 25.37963008}
2019/09/11 08:49:47 streamdata.go:16: action=StreamIngestionData, {BTC_USD 2019-09-10T23:49:47.1829645Z 377673 10088.6 10097.2 0.01 0.6 72.63791434 80.15173071 10082.76 25.37963008 25.37963008}
2019/09/11 08:49:49 streamdata.go:16: action=StreamIngestionData, {BTC_USD 2019-09-10T23:49:49.1201419Z 377674 10088.6 10097.2 0.01 0.6 72.63791434 80.35173071 10082.76 25.37963008 25.37963008}
2019/09/11 08:49:52 streamdata.go:16: action=StreamIngestionData, {BTC_USD 2019-09-10T23:49:52.4247061Z 377675 10088.6 10097.2 0.01 0.6 76.63791434 80.35173071 10082.76 25.37963008 25.37963008}
2019/09/11 08:49:54 streamdata.go:16: action=StreamIngestionData, {BTC_USD 2019-09-10T23:49:53.9200791Z 377676 10088.6 10097.2 0.01 0.6 76.63791434 80.37173071 10082.76 25.37963008 25.37963008}
2019/09/11 08:49:57 streamdata.go:16: action=StreamIngestionData, {BTC_USD 2019-09-10T23:49:57.2028904Z 377677 10088.6 10095.8 0.01 0.01 76.63791434 80.38173071 10082.76 25.37963008 25.37963008}
2019/09/11 08:50:01 streamdata.go:16: action=StreamIngestionData, {BTC_USD 2019-09-10T23:50:00.8129165Z 377678 10088.6 10095.8 0.01 0.01 76.63791434 80.36173071 10082.76 25.37963008 25.37963008}
2019/09/11 08:50:04 streamdata.go:16: action=StreamIngestionData, {BTC_USD 2019-09-10T23:50:04.6024363Z 377680 10088.6 10095.8 0.01 0.01 76.63791434 80.64173071 10082.76 25.37963008 25.37963008}
2019/09/11 08:50:07 streamdata.go:16: action=StreamIngestionData, {BTC_USD 2019-09-10T23:50:07.2613249Z 377682 10088.6 10095.8 0.01 0.01 76.61807833 80.66173071 10082.76 25.37963008 25.37963008}
2019/09/11 08:50:11 streamdata.go:16: action=StreamIngestionData, {BTC_USD 2019-09-10T23:50:11.470307Z 377683 10088.6 10095.8 0.01 0.01 76.61807833 80.68173071 10082.76 25.37963008 25.37963008}
2019/09/11 08:50:13 streamdata.go:16: action=StreamIngestionData, {BTC_USD 2019-09-10T23:50:12.9815632Z 377685 10088.6 10095.8 0.01 0.01 76.6180991 80.68173071 10082.76 25.37963008 25.37963008}
2019/09/11 08:50:14 streamdata.go:16: action=StreamIngestionData, {BTC_USD 2019-09-10T23:50:14.4980752Z 377687 10088.6 10095.8 0.01 0.01 76.59829032 80.67724693 10082.76 25.37963008 25.37963008}
2019/09/11 08:50:17 streamdata.go:16: action=StreamIngestionData, {BTC_USD 2019-09-10T23:50:16.8588038Z 377689 10088.6 10095.8 0.01 0.01 76.59829032 80.67724693 10082.76 25.37963008 25.37963008}
2019/09/11 08:50:17 streamdata.go:16: action=StreamIngestionData, {BTC_USD 2019-09-10T23:50:17.811056Z 377691 10088.6 10095.8 0.01 0.01 76.61809024 80.65724693 10082.76 25.37963008 25.37963008}
2019/09/11 08:50:19 streamdata.go:16: action=StreamIngestionData, {BTC_USD 2019-09-10T23:50:18.9675005Z 377692 10088.6 10095.8 0.01 0.01 76.61809024 81.14724693 10082.76 25.37963008 25.37963008}
2019/09/11 08:50:20 streamdata.go:16: action=StreamIngestionData, {BTC_USD 2019-09-10T23:50:20.1430657Z 377694 10088.6 10095.8 0.01 0.01 76.63788643 82.14724693 10082.76 25.37963008 25.37963008}
2019/09/11 08:50:21 streamdata.go:16: action=StreamIngestionData, {BTC_USD 2019-09-10T23:50:21.3477332Z 377695 10088.6 10095.8 0.01 0.01 76.63788643 82.16724693 10082.76 25.37963008 25.37963008}
2019/09/11 08:50:23 streamdata.go:16: action=StreamIngestionData, {BTC_USD 2019-09-10T23:50:23.7531206Z 377696 10088.6 10095.8 0.01 0.01 76.63788643 82.18724693 10082.76 25.37963008 25.37963008}
2019/09/11 08:50:25 streamdata.go:16: action=StreamIngestionData, {BTC_USD 2019-09-10T23:50:25.2398823Z 377697 10092.3 10095.8 0.01 0.01 76.64788643 82.18724693 10082.76 25.37963008 25.37963008}
2019/09/11 08:50:26 streamdata.go:16: action=StreamIngestionData, {BTC_USD 2019-09-10T23:50:26.2715405Z 377698 10092.3 10097.2 0.01 0.6 76.64788643 82.17724693 10082.76 25.37963008 25.37963008}
2019/09/11 08:50:36 streamdata.go:16: action=StreamIngestionData, {BTC_USD 2019-09-10T23:50:36.5581183Z 377699 10088.6 10097.2 0.01 0.6 76.63788643 82.17724693 10082.76 25.37963008 25.37963008}
2019/09/11 08:50:39 streamdata.go:16: action=StreamIngestionData, {BTC_USD 2019-09-10T23:50:39.1184733Z 377700 10088.6 10097.2 0.01 0.55 76.63788643 82.12724693 10097.2 25.42963008 25.42963008}
2019/09/11 08:50:41 streamdata.go:16: action=StreamIngestionData, {BTC_USD 2019-09-10T23:50:41.4725539Z 377701 10088.6 10097.2 0.01 0.55 76.63788643 82.10724693 10097.2 25.42963008 25.42963008}
2019/09/11 08:50:44 streamdata.go:16: action=StreamIngestionData, {BTC_USD 2019-09-10T23:50:44.7340112Z 377703 10088.6 10097.2 0.01 0.55 76.61807487 82.12724693 10097.2 25.42963008 25.42963008}
2019/09/11 08:50:47 streamdata.go:16: action=StreamIngestionData, {BTC_USD 2019-09-10T23:50:47.5636804Z 377705 10088.6 10097.2 0.01 0.55 76.61807487 82.12724693 10097.2 25.42963008 25.42963008}
2019/09/11 08:50:50 streamdata.go:16: action=StreamIngestionData, {BTC_USD 2019-09-10T23:50:50.2062829Z 377707 10088.6 10097.2 0.01 0.55 76.59827495 82.10724693 10097.2 25.42963008 25.42963008}
2019/09/11 08:50:51 streamdata.go:16: action=StreamIngestionData, {BTC_USD 2019-09-10T23:50:51.2695206Z 377711 10088.6 10097.2 0.01 0.55 76.55865984 82.06724693 10097.2 25.42963008 25.42963008}
2019/09/11 08:50:52 streamdata.go:16: action=StreamIngestionData, {BTC_USD 2019-09-10T23:50:52.4990113Z 377716 10088.6 10097.2 0.01 0.55 76.55866564 82.00724693 10097.2 25.42963008 25.42963008}
2019/09/11 08:50:54 streamdata.go:16: action=StreamIngestionData, {BTC_USD 2019-09-10T23:50:54.3502643Z 377717 10088.6 10097.2 0.01 0.55 76.55866564 82.02724693 10097.2 25.42963008 25.42963008}
2019/09/11 08:50:55 streamdata.go:16: action=StreamIngestionData, {BTC_USD 2019-09-10T23:50:55.0994694Z 377718 10088.6 10097.2 0.01 0.55 76.53886365 82.02724693 10097.2 25.42963008 25.42963008}
2019/09/11 08:50:56 streamdata.go:16: action=StreamIngestionData, {BTC_USD 2019-09-10T23:50:56.3518292Z 377721 10088.6 10097.2 0.01 0.55 76.55864138 82.02724693 10097.2 25.42963008 25.42963008}
2019/09/11 08:50:57 streamdata.go:16: action=StreamIngestionData, {BTC_USD 2019-09-10T23:50:57.5077451Z 377724 10088.6 10097.2 0.01 0.52 76.57841548 82.00021793 10097.2 25.45963008 25.45963008}
2019/09/11 08:50:58 streamdata.go:16: action=StreamIngestionData, {BTC_USD 2019-09-10T23:50:58.3548151Z 377728 10088.6 10097.2 0.01 0.52 76.61796051 82.00021793 10097.2 25.45963008 25.45963008}
2019/09/11 08:50:59 streamdata.go:16: action=StreamIngestionData, {BTC_USD 2019-09-10T23:50:59.4803473Z 377731 10088.6 10097.2 0.01 0.52 76.6377445 82.0224623 10097.2 25.45963008 25.45963008}
2019/09/11 08:51:01 streamdata.go:16: action=StreamIngestionData, {BTC_USD 2019-09-10T23:51:00.7932598Z 377735 10088.6 10092.3 0.01 0.1 76.6377445 78.57585887 10097.2 25.52623351 25.52623351}
2019/09/11 08:51:01 streamdata.go:16: action=StreamIngestionData, {BTC_USD 2019-09-10T23:51:01.7478345Z 377740 10088.6 10097.2 0.01 0.22369858 76.6377445 78.24318988 10097.2 25.8559315 25.8559315}
2019/09/11 08:51:03 streamdata.go:16: action=StreamIngestionData, {BTC_USD 2019-09-10T23:51:02.9967024Z 377742 10088.6 10097.6 0.01 0.1795246 76.6377445 77.9990159 10097.6 26.10010548 26.10010548}
2019/09/11 08:51:04 streamdata.go:16: action=StreamIngestionData, {BTC_USD 2019-09-10T23:51:04.150453Z 377743 10088.6 10097.6 0.01 0.1795246 76.6377445 77.9790159 10097.6 26.10010548 26.10010548}
2019/09/11 08:51:05 streamdata.go:16: action=StreamIngestionData, {BTC_USD 2019-09-10T23:51:05.0917549Z 377747 10088.6 10097.6 0.01 0.1795246 76.59819267 77.9790159 10097.6 26.10010548 26.10010548}
2019/09/11 08:51:07 streamdata.go:16: action=StreamIngestionData, {BTC_USD 2019-09-10T23:51:06.9867425Z 377748 10088.7 10097.6 0.01 0.1795246 76.60819267 77.9790159 10097.6 26.10010548 26.10010548}
2019/09/11 08:51:07 streamdata.go:16: action=StreamIngestionData, {BTC_USD 2019-09-10T23:51:07.870316Z 377750 10088.7 10097.6 0.01 0.1795246 76.58840868 77.9990159 10097.6 26.10010548 26.10010548}
2019/09/11 08:51:09 streamdata.go:16: action=StreamIngestionData, {BTC_USD 2019-09-10T23:51:09.690484Z 377752 10088.7 10097.6 0.01 0.1795246 76.6081952 77.9790159 10097.6 26.10010548 26.10010548}
2019/09/11 08:51:11 streamdata.go:16: action=StreamIngestionData, {BTC_USD 2019-09-10T23:51:10.8938269Z 377753 10088.7 10097.6 0.01 0.1795246 76.6081952 77.9990159 10097.6 26.10010548 26.10010548}
2019/09/11 08:51:11 streamdata.go:16: action=StreamIngestionData, {BTC_USD 2019-09-10T23:51:11.6441711Z 377754 10088.7 10097.6 0.01 0.1795246 76.62797244 77.9990159 10097.6 26.10010548 26.10010548}
2019/09/11 08:51:14 streamdata.go:16: action=StreamIngestionData, {BTC_USD 2019-09-10T23:51:13.83217Z 377756 10088.7 10097.6 0.01 0.1795246 76.62797244 77.9990159 10097.6 26.10010548 26.10010548}
2019/09/11 08:51:14 streamdata.go:16: action=StreamIngestionData, {BTC_USD 2019-09-10T23:51:14.4882908Z 377759 10088.7 10097.6 0.01 0.1795246 76.62797473 77.9790159 10097.6 26.10010548 26.10010548}
2019/09/11 08:51:15 streamdata.go:16: action=StreamIngestionData, {BTC_USD 2019-09-10T23:51:15.6783796Z 377760 10088.7 10097.6 0.01 0.1795246 76.62797473 77.9590159 10097.6 26.10010548 26.10010548}
2019/09/11 08:51:16 streamdata.go:16: action=StreamIngestionData, {BTC_USD 2019-09-10T23:51:16.5864768Z 377761 10088.7 10097.6 0.01 0.1795246 76.62797473 77.9790159 10097.6 26.10010548 26.10010548}
2019/09/11 08:51:17 streamdata.go:16: action=StreamIngestionData, {BTC_USD 2019-09-10T23:51:17.4191245Z 377762 10088.7 10097.6 0.01 0.1795246 76.62797473 77.9990159 10097.6 26.10010548 26.10010548}
2019/09/11 08:51:19 streamdata.go:16: action=StreamIngestionData, {BTC_USD 2019-09-10T23:51:18.6194885Z 377766 10088.7 10097.6 0.01 0.1795246 76.62797473 76.1890159 10097.6 26.10010548 26.10010548}
2019/09/11 08:51:19 streamdata.go:16: action=StreamIngestionData, {BTC_USD 2019-09-10T23:51:19.510852Z 377784 10101.3 10120.4 0.01 1.8 76.7184153 76.0394913 10097.6 26.10010548 26.10010548}
2019/09/11 08:51:20 streamdata.go:16: action=StreamIngestionData, {BTC_USD 2019-09-10T23:51:20.3792329Z 377787 10101.3 10120.4 0.01 1.8 76.67882236 76.0594913 10097.6 26.10010548 26.10010548}
2019/09/11 08:51:21 streamdata.go:16: action=StreamIngestionData, {BTC_USD 2019-09-10T23:51:21.3722712Z 377788 10101.3 10120.4 0.01 1.8 76.69862114 76.0594913 10097.6 26.10010548 26.10010548}
2019/09/11 08:51:22 streamdata.go:16: action=StreamIngestionData, {BTC_USD 2019-09-10T23:51:22.5738041Z 377789 10101.3 10120.4 0.01 1.8 76.69862114 76.0794913 10097.6 26.10010548 26.10010548}
2019/09/11 08:51:24 streamdata.go:16: action=StreamIngestionData, {BTC_USD 2019-09-10T23:51:23.828995Z 377793 10101.3 10120.4 0.01 1.8 76.69860025 76.0394913 10097.6 26.10010548 26.10010548}
2019/09/11 08:51:25 streamdata.go:16: action=StreamIngestionData, {BTC_USD 2019-09-10T23:51:24.9352976Z 377796 10101.3 10120.4 0.01 1.8 76.67881144 76.0394913 10097.6 26.10010548 26.10010548}
2019/09/11 08:51:25 streamdata.go:16: action=StreamIngestionData, {BTC_USD 2019-09-10T23:51:25.9202898Z 377799 10101.3 10120.4 0.01 1.8 76.68177424 76.0394913 10097.6 26.10010548 26.10010548}
2019/09/11 08:51:29 streamdata.go:16: action=StreamIngestionData, {BTC_USD 2019-09-10T23:51:29.5182492Z 377802 10101.3 10120.4 0.01 1.8 76.74118896 76.0394913 10097.6 26.10010548 26.10010548}
2019/09/11 08:51:30 streamdata.go:16: action=StreamIngestionData, {BTC_USD 2019-09-10T23:51:30.497654Z 377803 10101.3 10120.4 0.01 1.8 76.74118896 76.0594913 10097.6 26.10010548 26.10010548}
2019/09/11 08:51:31 streamdata.go:16: action=StreamIngestionData, {BTC_USD 2019-09-10T23:51:31.6158263Z 377806 10101.3 10120.4 0.01 1.8 76.76099387 76.0994913 10097.6 26.10010548 26.10010548}
2019/09/11 08:51:33 streamdata.go:16: action=StreamIngestionData, {BTC_USD 2019-09-10T23:51:33.4875794Z 377808 10101.3 10120.4 0.01 1.8 76.76099387 76.0994913 10097.6 26.10010548 26.10010548}
2019/09/11 08:51:34 streamdata.go:16: action=StreamIngestionData, {BTC_USD 2019-09-10T23:51:34.5680363Z 377810 10101.3 10120.4 0.01 1.8 76.76099387 76.0594913 10097.6 26.10010548 26.10010548}
2019/09/11 08:51:36 streamdata.go:16: action=StreamIngestionData, {BTC_USD 2019-09-10T23:51:36.6793496Z 377811 10101.3 10120.4 0.01 1.8 76.76099387 76.0794913 10097.6 26.10010548 26.10010548}
2019/09/11 08:51:40 streamdata.go:16: action=StreamIngestionData, {BTC_USD 2019-09-10T23:51:40.6158401Z 377813 10101.3 10114.9 0.01 1 76.76099387 77.0994913 10097.6 26.10010548 26.10010548}
2019/09/11 08:51:41 streamdata.go:16: action=StreamIngestionData, {BTC_USD 2019-09-10T23:51:41.3682154Z 377814 10101.3 10114.9 0.01 1 76.76099387 77.1194913 10097.6 26.10010548 26.10010548}
2019/09/11 08:51:43 streamdata.go:16: action=StreamIngestionData, {BTC_USD 2019-09-10T23:51:42.6327994Z 377816 10101.3 10114.9 0.01 1 76.73823619 77.1194913 10097.6 26.10010548 26.10010548}
2019/09/11 08:51:50 streamdata.go:16: action=StreamIngestionData, {BTC_USD 2019-09-10T23:51:49.6193768Z 377823 10101.3 10114.9 0.01 1 76.75802265 77.0394913 10097.6 26.10010548 26.10010548}
2019/09/11 08:51:51 streamdata.go:16: action=StreamIngestionData, {BTC_USD 2019-09-10T23:51:50.960814Z 377827 10101.3 10114.9 0.01 1 76.69861635 81.3394913 10097.6 26.10010548 26.10010548}
2019/09/11 08:51:55 streamdata.go:16: action=StreamIngestionData, {BTC_USD 2019-09-10T23:51:55.4066507Z 377829 10101.3 10114.9 0.01 1 76.67881144 81.3594913 10097.6 26.10010548 26.10010548}
2019/09/11 08:51:56 streamdata.go:16: action=StreamIngestionData, {BTC_USD 2019-09-10T23:51:56.3980705Z 377834 10101.3 10114.9 0.01 1 76.69860477 81.3994913 10097.6 26.10010548 26.10010548}
2019/09/11 08:51:58 streamdata.go:16: action=StreamIngestionData, {BTC_USD 2019-09-10T23:51:57.6761506Z 377837 10101.3 10114.9 0.01 1 76.75799948 81.3994913 10097.6 26.10010548 26.10010548}
2019/09/11 08:52:00 streamdata.go:16: action=StreamIngestionData, {BTC_USD 2019-09-10T23:51:59.9715261Z 377840 10101.3 10114.9 0.01 1 76.73818415 81.39492991 10097.6 26.10010548 26.10010548}
2019/09/11 08:52:02 streamdata.go:16: action=StreamIngestionData, {BTC_USD 2019-09-10T23:52:02.4916454Z 377843 10101.3 10113.1 0.01 0.77 76.71839509 82.14492991 10097.6 26.10010548 26.10010548}
2019/09/11 08:52:04 streamdata.go:16: action=StreamIngestionData, {BTC_USD 2019-09-10T23:52:04.258191Z 377844 10101.3 10113.1 0.01 0.77 76.73818816 82.14492991 10097.6 26.10010548 26.10010548}
2019/09/11 08:52:05 streamdata.go:16: action=StreamIngestionData, {BTC_USD 2019-09-10T23:52:05.518297Z 377848 10101.3 10113.1 0.01 0.77 76.73820721 82.14492991 10097.6 26.10010548 26.10010548}
2019/09/11 08:52:08 streamdata.go:16: action=StreamIngestionData, {BTC_USD 2019-09-10T23:52:08.6728875Z 377852 10101.3 10111.3 0.01 0.5 76.71839784 82.64492991 10097.6 26.10010548 26.10010548}
2019/09/11 08:52:09 streamdata.go:16: action=StreamIngestionData, {BTC_USD 2019-09-10T23:52:09.5381524Z 377855 10101.3 10111.3 0.01 0.5 76.75796021 82.66492991 10097.6 26.10010548 26.10010548}
2019/09/11 08:52:11 streamdata.go:16: action=StreamIngestionData, {BTC_USD 2019-09-10T23:52:11.0164926Z 377856 10101.3 10111.3 0.01 0.5 76.75796021 82.68492991 10097.6 26.10010548 26.10010548}
2019/09/11 08:52:12 streamdata.go:16: action=StreamIngestionData, {BTC_USD 2019-09-10T23:52:12.6298832Z 377857 10101.3 10111.3 0.01 0.5 76.77776432 82.68492991 10097.6 26.10010548 26.10010548}
2019/09/11 08:52:14 streamdata.go:16: action=StreamIngestionData, {BTC_USD 2019-09-10T23:52:14.0862789Z 377858 10101.3 10106 0.01 0.1 76.77776432 82.78492991 10097.6 26.10010548 26.10010548}
2019/09/11 08:52:17 streamdata.go:16: action=StreamIngestionData, {BTC_USD 2019-09-10T23:52:17.4881086Z 377859 10101.3 10106 0.01 0.1 76.75797099 82.78492991 10097.6 26.10010548 26.10010548}
2019/09/11 08:52:23 streamdata.go:16: action=StreamIngestionData, {BTC_USD 2019-09-10T23:52:23.2314936Z 377861 10101.3 10106 0.01 0.1 76.73819142 82.76492991 10097.6 26.10010548 26.10010548}
2019/09/11 08:52:24 streamdata.go:16: action=StreamIngestionData, {BTC_USD 2019-09-10T23:52:24.0561826Z 377862 10101.3 10106 0.01 0.1 76.75797342 82.76492991 10097.6 26.10010548 26.10010548}
2019/09/11 08:52:26 streamdata.go:16: action=StreamIngestionData, {BTC_USD 2019-09-10T23:52:26.5469525Z 377864 10101.3 10106 0.01 0.1 76.7579733 82.76492991 10097.6 26.10010548 26.10010548}
2019/09/11 08:52:28 streamdata.go:16: action=StreamIngestionData, {BTC_USD 2019-09-10T23:52:28.4175466Z 377865 10101.3 10106 0.01 0.1 76.7579733 82.77492991 10097.6 26.10010548 26.10010548}
2019/09/11 08:52:30 streamdata.go:16: action=StreamIngestionData, {BTC_USD 2019-09-10T23:52:29.8805385Z 377866 10101.3 10106 0.01 0.1 76.7579733 82.79492991 10097.6 26.10010548 26.10010548}
2019/09/11 08:52:30 streamdata.go:16: action=StreamIngestionData, {BTC_USD 2019-09-10T23:52:30.8240222Z 377867 10101.3 10106 0.01 0.1 76.77776458 82.79492991 10097.6 26.10010548 26.10010548}
2019/09/11 08:52:39 streamdata.go:16: action=StreamIngestionData, {BTC_USD 2019-09-10T23:52:39.7501163Z 377868 10101.3 10106 0.01 0.1 76.77776458 83.19492991 10097.6 26.10010548 26.10010548}
2019/09/11 08:52:41 streamdata.go:16: action=StreamIngestionData, {BTC_USD 2019-09-10T23:52:40.9144169Z 377877 10101.3 10111.3 0.01 0.5 75.55776458 82.50492991 10097.6 26.10010548 26.10010548}
2019/09/11 08:52:47 streamdata.go:16: action=StreamIngestionData, {BTC_USD 2019-09-10T23:52:46.9421895Z 377881 10101.3 10111.3 0.01 0.5 75.53796047 83.18492991 10097.6 26.10010548 26.10010548}
2019/09/11 08:52:49 streamdata.go:16: action=StreamIngestionData, {BTC_USD 2019-09-10T23:52:49.5527053Z 377882 10101.3 10111.3 0.01 0.5 75.53796047 83.16492991 10097.6 26.10010548 26.10010548}
2019/09/11 08:52:51 streamdata.go:16: action=StreamIngestionData, {BTC_USD 2019-09-10T23:52:50.9079092Z 377884 10101.3 10111.3 0.01 0.5 75.51817847 83.1494913 10097.6 26.10010548 26.10010548}
2019/09/11 08:52:53 streamdata.go:16: action=StreamIngestionData, {BTC_USD 2019-09-10T23:52:53.5768007Z 377885 10101.3 10111.3 0.01 0.5 75.51817847 83.1694913 10097.6 26.10010548 26.10010548}
2019/09/11 08:52:54 streamdata.go:16: action=StreamIngestionData, {BTC_USD 2019-09-10T23:52:54.3291728Z 377887 10101.3 10111.3 0.01 0.5 75.53798853 83.18492991 10097.6 26.10010548 26.10010548}
2019/09/11 08:52:56 streamdata.go:16: action=StreamIngestionData, {BTC_USD 2019-09-10T23:52:56.1510284Z 377888 10101.3 10111.3 0.01 0.5 75.53798853 83.20492991 10097.6 26.10010548 26.10010548}
2019/09/11 08:52:57 streamdata.go:16: action=StreamIngestionData, {BTC_USD 2019-09-10T23:52:57.4141454Z 377889 10101.3 10111.3 0.01 0.5 75.55777446 83.20492991 10097.6 26.10010548 26.10010548}
2019/09/11 08:53:00 streamdata.go:16: action=StreamIngestionData, {BTC_USD 2019-09-10T23:53:00.332319Z 377890 10101.3 10111.3 0.01 0.5 75.55777446 83.18492991 10097.6 26.10010548 26.10010548}
2019/09/11 08:53:01 streamdata.go:16: action=StreamIngestionData, {BTC_USD 2019-09-10T23:53:01.8585377Z 377892 10101.3 10111.3 0.01 0.5 75.53798853 83.1694913 10097.6 26.10010548 26.10010548}
2019/09/11 08:53:04 streamdata.go:16: action=StreamIngestionData, {BTC_USD 2019-09-10T23:53:04.3349649Z 377893 10101.3 10108.3 0.01 0.23 75.53798853 83.3994913 10097.6 26.10010548 26.10010548}
2019/09/11 08:53:07 streamdata.go:16: action=StreamIngestionData, {BTC_USD 2019-09-10T23:53:07.1859428Z 377894 10101.3 10108.3 0.01 0.23 75.53798853 83.4194913 10097.6 26.10010548 26.10010548}
2019/09/11 08:53:08 streamdata.go:16: action=StreamIngestionData, {BTC_USD 2019-09-10T23:53:08.3523514Z 377896 10101.3 10108.3 0.01 0.23 75.51819725 83.43492991 10097.6 26.10010548 26.10010548}
2019/09/11 08:53:09 streamdata.go:16: action=StreamIngestionData, {BTC_USD 2019-09-10T23:53:09.5027223Z 377898 10101.3 10108.3 0.01 0.23 75.53798974 83.4194913 10097.6 26.10010548 26.10010548}
2019/09/11 08:53:14 streamdata.go:16: action=StreamIngestionData, {BTC_USD 2019-09-10T23:53:13.9492961Z 377901 10101.3 10106.5 0.01 0.1 75.53798974 83.5194913 10097.6 26.10010548 26.10010548}
2019/09/11 08:53:16 streamdata.go:16: action=StreamIngestionData, {BTC_USD 2019-09-10T23:53:16.1333436Z 377903 10101.3 10106.5 0.01 0.1 75.55778772 83.53492991 10097.6 26.10010548 26.10010548}
2019/09/11 08:53:20 streamdata.go:16: action=StreamIngestionData, {BTC_USD 2019-09-10T23:53:20.7765601Z 377904 10101.3 10106.5 0.01 0.1 75.55778772 83.93492991 10097.6 26.10010548 26.10010548}
2019/09/11 08:53:22 streamdata.go:16: action=StreamIngestionData, {BTC_USD 2019-09-10T23:53:21.9713189Z 377907 10096 10106.5 0.1 0.1 75.44778772 83.93492991 10097.6 26.10010548 26.10010548}
2019/09/11 08:53:23 streamdata.go:16: action=StreamIngestionData, {BTC_USD 2019-09-10T23:53:22.9673531Z 377909 10096 10106.5 0.1 0.1 75.44778772 83.89492991 10097.6 26.10010548 26.10010548}
2019/09/11 08:53:26 streamdata.go:16: action=StreamIngestionData, {BTC_USD 2019-09-10T23:53:25.9063041Z 377912 10096 10106.5 0.1 0.1 75.42798974 83.8994913 10097.6 26.10010548 26.10010548}
2019/09/11 08:53:27 streamdata.go:16: action=StreamIngestionData, {BTC_USD 2019-09-10T23:53:27.5453091Z 377913 10096 10106.5 0.1 0.1 75.4477782 83.8994913 10097.6 26.10010548 26.10010548}
2019/09/11 08:53:29 streamdata.go:16: action=StreamIngestionData, {BTC_USD 2019-09-10T23:53:29.5000276Z 377914 10096 10106.5 0.1 0.1 75.4477782 83.9194913 10097.6 26.10010548 26.10010548}
2019/09/11 08:53:30 streamdata.go:16: action=StreamIngestionData, {BTC_USD 2019-09-10T23:53:30.3450092Z 377915 10096 10106.5 0.1 0.1 75.4477782 83.93492991 10097.6 26.10010548 26.10010548}
2019/09/11 08:53:39 streamdata.go:16: action=StreamIngestionData, {BTC_USD 2019-09-10T23:53:38.5440111Z 377916 10096 10106.5 0.1 0.1 75.4477782 83.9194913 10097.6 26.10010548 26.10010548}
2019/09/11 08:53:41 streamdata.go:16: action=StreamIngestionData, {BTC_USD 2019-09-10T23:53:41.608006Z 377917 10096.3 10106.5 0.01 0.1 75.4577782 83.9194913 10097.6 26.10010548 26.10010548}
2019/09/11 08:53:45 streamdata.go:16: action=StreamIngestionData, {BTC_USD 2019-09-10T23:53:45.0932609Z 377918 10096.3 10106.5 0.01 0.1 75.4577782 83.93492991 10097.6 26.10010548 26.10010548}
2019/09/11 08:53:46 streamdata.go:16: action=StreamIngestionData, {BTC_USD 2019-09-10T23:53:46.2510043Z 377920 10096.3 10106.5 0.01 0.1 75.43798513 83.93492991 10097.6 26.10010548 26.10010548}
2019/09/11 08:53:49 streamdata.go:16: action=StreamIngestionData, {BTC_USD 2019-09-10T23:53:48.6882083Z 377921 10096.3 10106.5 0.01 0.1 75.44469368 83.93492991 10097.6 26.10010548 26.10010548}
2019/09/11 08:53:53 streamdata.go:16: action=StreamIngestionData, {BTC_USD 2019-09-10T23:53:53.5824075Z 377922 10099.78 10106.5 0.02 0.1 75.46469368 83.93492991 10097.6 26.10010548 26.10010548}
2019/09/11 08:53:58 streamdata.go:16: action=StreamIngestionData, {BTC_USD 2019-09-10T23:53:58.0849681Z 377923 10099.78 10106.5 0.02 0.1 75.46469368 83.9194913 10097.6 26.10010548 26.10010548}
2019/09/11 08:54:04 streamdata.go:16: action=StreamIngestionData, {BTC_USD 2019-09-10T23:54:04.4957402Z 377924 10099.78 10106.5 0.02 0.1 75.46469368 83.93492991 10097.6 26.10010548 26.10010548}
2019/09/11 08:54:06 streamdata.go:16: action=StreamIngestionData, {BTC_USD 2019-09-10T23:54:06.0268177Z 377925 10099.78 10106.5 0.02 0.1 75.50469368 83.93492991 10097.6 26.10010548 26.10010548}
2019/09/11 08:54:07 streamdata.go:16: action=StreamIngestionData, {BTC_USD 2019-09-10T23:54:07.3583676Z 377926 10099.78 10108.3 0.02 0.23 75.50469368 83.83492991 10097.6 26.10010548 26.10010548}
2019/09/11 08:54:16 streamdata.go:16: action=StreamIngestionData, {BTC_USD 2019-09-10T23:54:16.5328032Z 377927 10099.78 10108.3 0.02 0.23 75.50469368 83.8194913 10097.6 26.10010548 26.10010548}
2019/09/11 08:54:17 streamdata.go:16: action=StreamIngestionData, {BTC_USD 2019-09-10T23:54:17.7209567Z 377928 10099.78 10110.07 0.02 0.4 75.50469368 83.5894913 10097.6 26.10010548 26.10010548}
2019/09/11 08:54:20 streamdata.go:16: action=StreamIngestionData, {BTC_USD 2019-09-10T23:54:19.7378037Z 377929 10099.78 10110.07 0.02 0.4 75.50469368 83.60492991 10097.6 26.10010548 26.10010548}
2019/09/11 08:54:28 streamdata.go:16: action=StreamIngestionData, {BTC_USD 2019-09-10T23:54:27.915753Z 377930 10099.78 10111.3 0.02 0.5 75.50469368 83.20492991 10097.6 26.10010548 26.10010548}
2019/09/11 08:54:33 streamdata.go:16: action=StreamIngestionData, {BTC_USD 2019-09-10T23:54:33.294508Z 377932 10099.78 10111.3 0.02 0.5 75.484911 83.18492991 10097.6 26.10010548 26.10010548}
2019/09/11 08:54:40 streamdata.go:16: action=StreamIngestionData, {BTC_USD 2019-09-10T23:54:40.1910328Z 377933 10099.78 10111.3 0.02 0.5 75.484911 83.20492991 10097.6 26.10010548 26.10010548}
2019/09/11 08:54:46 streamdata.go:16: action=StreamIngestionData, {BTC_USD 2019-09-10T23:54:46.0361574Z 377934 10099.78 10111.3 0.02 0.5 75.50470147 83.20492991 10097.6 26.10010548 26.10010548}
2019/09/11 08:54:52 streamdata.go:16: action=StreamIngestionData, {BTC_USD 2019-09-10T23:54:51.8698168Z 377935 10099.78 10111.3 0.02 0.5 75.50470147 83.40492991 10097.6 26.10010548 26.10010548}
2019/09/11 08:54:56 streamdata.go:16: action=StreamIngestionData, {BTC_USD 2019-09-10T23:54:55.9015716Z 377936 10099.78 10111.3 0.02 0.6 75.50470147 83.50492991 10097.6 26.10010548 26.10010548}
2019/09/11 08:55:01 streamdata.go:16: action=StreamIngestionData, {BTC_USD 2019-09-10T23:55:01.1216532Z 377937 10099.78 10111.3 0.02 0.6 75.50470147 83.4894913 10097.6 26.10010548 26.10010548}
2019/09/11 08:55:07 streamdata.go:16: action=StreamIngestionData, {BTC_USD 2019-09-10T23:55:07.5789576Z 377938 10099.78 10111.3 0.02 0.6 75.50470147 83.4919693 10097.6 26.10010548 26.10010548}
2019/09/11 08:55:16 streamdata.go:16: action=StreamIngestionData, {BTC_USD 2019-09-10T23:55:16.1015025Z 377940 10099.78 10111.3 0.02 0.6 75.50470147 83.8094913 10097.6 26.10010548 26.10010548}
2019/09/11 08:55:19 streamdata.go:16: action=StreamIngestionData, {BTC_USD 2019-09-10T23:55:19.8145423Z 377941 10099.78 10111.3 0.02 0.6 75.484911 83.8094913 10097.6 26.10010548 26.10010548}
2019/09/11 08:55:23 streamdata.go:16: action=StreamIngestionData, {BTC_USD 2019-09-10T23:55:22.9191839Z 377944 10099.78 10111.3 0.02 0.6 75.46512254 83.79543369 10097.6 26.10010548 26.10010548}
2019/09/11 08:55:26 streamdata.go:16: action=StreamIngestionData, {BTC_USD 2019-09-10T23:55:26.136288Z 377945 10099.78 10111.3 0.02 0.6 75.46512254 84.11543369 10097.6 26.10010548 26.10010548}
2019/09/11 08:55:29 streamdata.go:16: action=StreamIngestionData, {BTC_USD 2019-09-10T23:55:29.2532309Z 377949 10099.78 10111.3 0.02 0.6 75.50468094 83.81543369 10097.6 26.10010548 26.10010548}
2019/09/11 08:55:30 streamdata.go:16: action=StreamIngestionData, {BTC_USD 2019-09-10T23:55:30.4654465Z 377950 10099.78 10111.3 0.02 0.6 75.50468094 83.8094913 10097.6 26.10010548 26.10010548}
2019/09/11 08:55:33 streamdata.go:16: action=StreamIngestionData, {BTC_USD 2019-09-10T23:55:33.7857412Z 377951 10099.78 10111.3 0.02 0.6 75.50468094 83.8294913 10097.6 26.10010548 26.10010548}
2019/09/11 08:55:47 streamdata.go:16: action=StreamIngestionData, {BTC_USD 2019-09-10T23:55:47.6774933Z 377952 10099.78 10111.3 0.02 0.6 75.48488845 83.8294913 10097.6 26.10010548 26.10010548}
2019/09/11 08:55:52 streamdata.go:16: action=StreamIngestionData, {BTC_USD 2019-09-10T23:55:52.3943001Z 377953 10099.78 10111.3 0.02 0.6 75.46511035 83.8294913 10097.6 26.10010548 26.10010548}
2019/09/11 08:55:54 streamdata.go:16: action=StreamIngestionData, {BTC_USD 2019-09-10T23:55:54.0537594Z 377954 10099.78 10111.3 0.02 0.6 75.48489147 83.8294913 10097.6 26.10010548 26.10010548}
2019/09/11 08:55:56 streamdata.go:16: action=StreamIngestionData, {BTC_USD 2019-09-10T23:55:55.870548Z 377955 10099.78 10111.3 0.02 0.6 75.50467617 83.8294913 10097.6 26.10010548 26.10010548}
2019/09/11 08:55:58 streamdata.go:16: action=StreamIngestionData, {BTC_USD 2019-09-10T23:55:57.6816385Z 377958 10099.78 10111.3 0.02 0.6 75.46508141 83.8094913 10097.6 26.10010548 26.10010548}
2019/09/11 08:56:03 streamdata.go:16: action=StreamIngestionData, {BTC_USD 2019-09-10T23:56:03.1162944Z 377959 10099.78 10111.3 0.02 0.6 75.48485912 83.8094913 10097.6 26.10010548 26.10010548}
2019/09/11 08:56:04 streamdata.go:16: action=StreamIngestionData, {BTC_USD 2019-09-10T23:56:04.2211566Z 377960 10099.78 10111.3 0.02 0.6 75.50466223 83.8094913 10097.6 26.10010548 26.10010548}
2019/09/11 08:56:11 streamdata.go:16: action=StreamIngestionData, {BTC_USD 2019-09-10T23:56:10.9624253Z 377962 10099.78 10111.3 0.02 0.6 75.48488452 83.8294913 10097.6 26.10010548 26.10010548}
2019/09/11 08:56:17 streamdata.go:16: action=StreamIngestionData, {BTC_USD 2019-09-10T23:56:17.3434433Z 377964 10099.78 10111.3 0.02 0.6 75.4848682 83.8294913 10097.6 26.10010548 26.10010548}
2019/09/11 08:56:19 streamdata.go:16: action=StreamIngestionData, {BTC_USD 2019-09-10T23:56:19.6885015Z 377966 10099.78 10111.3 0.02 0.6 75.46509031 83.8094913 10097.6 26.10010548 26.10010548}
2019/09/11 08:56:21 streamdata.go:16: action=StreamIngestionData, {BTC_USD 2019-09-10T23:56:20.6996016Z 377968 10099.78 10111.3 0.02 0.6 75.48490245 83.7894913 10097.6 26.10010548 26.10010548}
2019/09/11 08:56:24 streamdata.go:16: action=StreamIngestionData, {BTC_USD 2019-09-10T23:56:24.1298633Z 377969 10099.78 10111.3 0.02 0.6 75.50468582 83.7894913 10097.6 26.10010548 26.10010548}
2019/09/11 08:56:26 streamdata.go:16: action=StreamIngestionData, {BTC_USD 2019-09-10T23:56:26.1040416Z 377970 10099.78 10111.3 0.02 0.6 75.50468582 83.8094913 10097.6 26.10010548 26.10010548}
2019/09/11 08:56:31 streamdata.go:16: action=StreamIngestionData, {BTC_USD 2019-09-10T23:56:31.5918196Z 377973 10099.78 10111.3 0.02 0.6 75.48490552 83.8094913 10097.6 26.10010548 26.10010548}
2019/09/11 08:56:37 streamdata.go:16: action=StreamIngestionData, {BTC_USD 2019-09-10T23:56:37.0280718Z 377974 10099.78 10111.3 0.02 0.6 75.46511873 83.8094913 10097.6 26.10010548 26.10010548}
2019/09/11 08:56:38 streamdata.go:16: action=StreamIngestionData, {BTC_USD 2019-09-10T23:56:38.0456764Z 377975 10099.78 10111.3 0.02 0.6 75.46511873 83.8294913 10097.6 26.10010548 26.10010548}
2019/09/11 08:56:43 streamdata.go:16: action=StreamIngestionData, {BTC_USD 2019-09-10T23:56:43.6111756Z 377976 10099.78 10111.3 0.02 0.6 75.48491339 83.8294913 10097.6 26.10010548 26.10010548}
2019/09/11 08:56:44 streamdata.go:16: action=StreamIngestionData, {BTC_USD 2019-09-10T23:56:44.4093489Z 377977 10099.78 10111.3 0.02 0.6 75.5047002 83.8294913 10097.6 26.10010548 26.10010548}
2019/09/11 08:57:00 streamdata.go:16: action=StreamIngestionData, {BTC_USD 2019-09-10T23:57:00.3684195Z 377978 10099.78 10111.3 0.02 0.6 75.48490554 83.8294913 10097.6 26.10010548 26.10010548}
2019/09/11 08:57:01 streamdata.go:16: action=StreamIngestionData, {BTC_USD 2019-09-10T23:57:01.2326286Z 377979 10099.78 10111.3 0.02 0.6 75.48490554 80.6594913 10097.6 26.10010548 26.10010548}
2019/09/11 08:57:07 streamdata.go:16: action=StreamIngestionData, {BTC_USD 2019-09-10T23:57:06.8654028Z 377980 10099.78 10111.3 0.02 0.6 75.50469212 80.6594913 10097.6 26.10010548 26.10010548}
2019/09/11 08:57:10 streamdata.go:16: action=StreamIngestionData, {BTC_USD 2019-09-10T23:57:09.8771488Z 377981 10099.78 10111.3 0.02 0.6 75.50469212 85.0694913 10097.6 26.10010548 26.10010548}
2019/09/11 08:57:11 streamdata.go:16: action=StreamIngestionData, {BTC_USD 2019-09-10T23:57:11.2389645Z 377982 10099.78 10111.3 0.02 0.6 75.50469212 80.6494913 10097.6 26.10010548 26.10010548}
2019/09/11 08:57:12 streamdata.go:16: action=StreamIngestionData, {BTC_USD 2019-09-10T23:57:12.2394201Z 377983 10099.78 10111.3 0.02 0.6 75.50469212 80.6294913 10097.6 26.10010548 26.10010548}
2019/09/11 08:57:20 streamdata.go:16: action=StreamIngestionData, {BTC_USD 2019-09-10T23:57:19.9410131Z 377984 10099.78 10111.3 0.02 0.6 75.50469212 80.6319933 10097.6 26.10010548 26.10010548}
2019/09/11 08:57:24 streamdata.go:16: action=StreamIngestionData, {BTC_USD 2019-09-10T23:57:23.7087954Z 377985 10099.78 10111.3 0.02 0.6 75.50469212 84.4519933 10097.6 26.10010548 26.10010548}
2019/09/11 08:57:29 streamdata.go:16: action=StreamIngestionData, {BTC_USD 2019-09-10T23:57:29.8839115Z 377986 10099.78 10111.3 0.02 0.6 75.48490554 84.4519933 10097.6 26.10010548 26.10010548}
2019/09/11 08:57:31 streamdata.go:16: action=StreamIngestionData, {BTC_USD 2019-09-10T23:57:31.1026802Z 377987 10099.78 10111.3 0.02 0.6 75.4650934 84.4519933 10097.6 26.10010548 26.10010548}
2019/09/11 08:57:32 streamdata.go:16: action=StreamIngestionData, {BTC_USD 2019-09-10T23:57:31.9167172Z 377990 10099.78 10111.3 0.02 0.6 75.44531228 84.4119933 10097.6 26.10010548 26.10010548}
2019/09/11 08:57:33 streamdata.go:16: action=StreamIngestionData, {BTC_USD 2019-09-10T23:57:33.1350295Z 377992 10099.78 10111.3 0.02 0.6 75.42552547 84.3919933 10097.6 26.10010548 26.10010548}
2019/09/11 08:57:34 streamdata.go:16: action=StreamIngestionData, {BTC_USD 2019-09-10T23:57:34.5637982Z 377994 10099.78 10111.3 0.02 0.6 75.44532449 84.3719933 10097.6 26.10010548 26.10010548}
2019/09/11 08:57:35 streamdata.go:16: action=StreamIngestionData, {BTC_USD 2019-09-10T23:57:35.4140008Z 377995 10099.78 10111.3 0.02 0.6 75.44532449 84.3919933 10097.6 26.10010548 26.10010548}
2019/09/11 08:57:38 streamdata.go:16: action=StreamIngestionData, {BTC_USD 2019-09-10T23:57:37.9400318Z 377996 10099.78 10111.3 0.02 0.6 75.46514725 84.3919933 10097.6 26.10010548 26.10010548}
2019/09/11 08:57:39 streamdata.go:16: action=StreamIngestionData, {BTC_USD 2019-09-10T23:57:39.0272996Z 377999 10099.78 10111.3 0.02 0.6 75.48494836 84.4319933 10097.6 26.10010548 26.10010548}
2019/09/11 08:57:39 streamdata.go:16: action=StreamIngestionData, {BTC_USD 2019-09-10T23:57:39.8554528Z 378000 10099.78 10111.3 0.02 0.6 75.50474949 84.4319933 10097.6 26.10010548 26.10010548}
2019/09/11 08:57:41 streamdata.go:16: action=StreamIngestionData, {BTC_USD 2019-09-10T23:57:41.5440543Z 378001 10099.78 10111.3 0.02 0.6 75.50474949 84.4519933 10097.6 26.10010548 26.10010548}
2019/09/11 08:57:43 streamdata.go:16: action=StreamIngestionData, {BTC_USD 2019-09-10T23:57:43.2817599Z 378002 10099.78 10111.3 0.02 0.6 75.48494838 84.4519933 10097.6 26.10010548 26.10010548}
2019/09/11 08:57:44 streamdata.go:16: action=StreamIngestionData, {BTC_USD 2019-09-10T23:57:44.2812661Z 378006 10099.78 10111.3 0.02 0.6 75.45841707 84.4119933 10097.6 26.10010548 26.10010548}
2019/09/11 08:57:45 streamdata.go:16: action=StreamIngestionData, {BTC_USD 2019-09-10T23:57:45.2386564Z 378007 10098.1 10111.3 0.04 0.6 75.43841707 84.4119933 10097.6 26.10010548 26.10010548}
2019/09/11 08:57:46 streamdata.go:16: action=StreamIngestionData, {BTC_USD 2019-09-10T23:57:46.3770586Z 378010 10098.1 10111.3 0.04 0.6 75.41861594 84.38974893 10097.6 26.10010548 26.10010548}
2019/09/11 08:57:50 streamdata.go:16: action=StreamIngestionData, {BTC_USD 2019-09-10T23:57:50.3853319Z 378013 10098.1 10111.3 0.04 0.6 75.43846316 84.38974893 10097.6 26.10010548 26.10010548}
2019/09/11 08:57:52 streamdata.go:16: action=StreamIngestionData, {BTC_USD 2019-09-10T23:57:52.2871527Z 378018 10098.1 10111.3 0.04 0.6 75.47811783 84.40974893 10097.6 26.10010548 26.10010548}
2019/09/11 08:57:53 streamdata.go:16: action=StreamIngestionData, {BTC_USD 2019-09-10T23:57:53.1303802Z 378021 10098.1 10111.3 0.04 0.6 75.49792235 84.44974893 10097.6 26.10010548 26.10010548}
2019/09/11 08:57:55 streamdata.go:16: action=StreamIngestionData, {BTC_USD 2019-09-10T23:57:55.4560053Z 378029 10092.5 10096.4 0.01 0.01 75.24792235 84.39974893 10097.6 26.10010548 26.10010548}
2019/09/11 08:57:59 streamdata.go:16: action=StreamIngestionData, {BTC_USD 2019-09-10T23:57:59.0083689Z 378030 10092.5 10096.4 0.01 0.01 75.24792235 84.41974893 10097.6 26.10010548 26.10010548}
2019/09/11 08:58:05 streamdata.go:16: action=StreamIngestionData, {BTC_USD 2019-09-10T23:58:05.7607711Z 378032 10092.5 10098.3 0.01 0.24 75.24792235 84.40724693 10097.6 26.10010548 26.10010548}
2019/09/11 08:58:10 streamdata.go:16: action=StreamIngestionData, {BTC_USD 2019-09-10T23:58:10.250217Z 378034 10092.5 10098.3 0.01 0.24 75.22810576 84.42724693 10097.6 26.10010548 26.10010548}
2019/09/11 08:58:12 streamdata.go:16: action=StreamIngestionData, {BTC_USD 2019-09-10T23:58:12.3453374Z 378036 10092.5 10098.3 0.01 0.24 75.22810576 84.38724693 10097.6 26.10010548 26.10010548}
2019/09/11 08:58:16 streamdata.go:16: action=StreamIngestionData, {BTC_USD 2019-09-10T23:58:16.7530523Z 378037 10092.5 10111.3 0.01 0.5 75.22810576 84.14724693 10097.6 26.10010548 26.10010548}
2019/09/11 08:58:19 streamdata.go:16: action=StreamIngestionData, {BTC_USD 2019-09-10T23:58:18.846597Z 378039 10092.5 10111.3 0.01 0.5 75.24791487 84.16724693 10097.6 26.10010548 26.10010548}
2019/09/11 08:58:25 streamdata.go:16: action=StreamIngestionData, {BTC_USD 2019-09-10T23:58:25.0434183Z 378040 10092.5 10111.3 0.01 0.5 75.24791487 84.18724693 10097.6 26.10010548 26.10010548}
2019/09/11 08:58:27 streamdata.go:16: action=StreamIngestionData, {BTC_USD 2019-09-10T23:58:27.1826566Z 378041 10092.5 10111.3 0.01 0.5 75.24791487 84.16724693 10097.6 26.10010548 26.10010548}
2019/09/11 08:58:28 streamdata.go:16: action=StreamIngestionData, {BTC_USD 2019-09-10T23:58:28.337803Z 378042 10092.5 10111.3 0.01 0.5 75.24791487 84.14724693 10097.6 26.10010548 26.10010548}
2019/09/11 08:58:30 streamdata.go:16: action=StreamIngestionData, {BTC_USD 2019-09-10T23:58:30.4667393Z 378043 10092.5 10111.3 0.01 0.5 75.24791487 84.16724693 10097.6 26.10010548 26.10010548}
2019/09/11 08:58:33 streamdata.go:16: action=StreamIngestionData, {BTC_USD 2019-09-10T23:58:32.9648163Z 378044 10099.1 10111.3 0.01 0.5 75.25791487 84.16724693 10097.6 26.10010548 26.10010548}
2019/09/11 08:58:35 streamdata.go:16: action=StreamIngestionData, {BTC_USD 2019-09-10T23:58:34.9722644Z 378045 10099.1 10111.3 0.01 0.5 75.25791487 84.18724693 10097.6 26.10010548 26.10010548}
2019/09/11 08:58:38 streamdata.go:16: action=StreamIngestionData, {BTC_USD 2019-09-10T23:58:38.0951392Z 378046 10099.1 10111.3 0.01 0.5 75.26791487 84.18724693 10097.6 26.10010548 26.10010548}
2019/09/11 08:58:39 streamdata.go:16: action=StreamIngestionData, {BTC_USD 2019-09-10T23:58:39.0631838Z 378047 10099.1 10111.3 0.01 0.5 75.26791487 84.16724693 10097.6 26.10010548 26.10010548}
2019/09/11 08:58:40 streamdata.go:16: action=StreamIngestionData, {BTC_USD 2019-09-10T23:58:39.8144528Z 378052 10099.1 10111.3 0.01 0.5 75.20845961 84.12724693 10097.6 26.10010548 26.10010548}
2019/09/11 08:58:43 streamdata.go:16: action=StreamIngestionData, {BTC_USD 2019-09-10T23:58:42.8161419Z 378056 10099.1 10111.3 0.01 0.5 75.19863709 84.08724693 10097.6 26.10010548 26.10010548}
2019/09/11 08:58:45 streamdata.go:16: action=StreamIngestionData, {BTC_USD 2019-09-10T23:58:45.5835239Z 378058 10099.1 10111.3 0.01 0.5 75.19863709 84.12724693 10097.6 26.10010548 26.10010548}
2019/09/11 08:58:47 streamdata.go:16: action=StreamIngestionData, {BTC_USD 2019-09-10T23:58:47.1423715Z 378066 10099.1 10104.3 0.01 0.09 75.27784697 84.25724693 10097.6 26.10010548 26.10010548}
2019/09/11 08:58:49 streamdata.go:16: action=StreamIngestionData, {BTC_USD 2019-09-10T23:58:49.362508Z 378067 10099.1 10104.3 0.01 0.09 75.27784697 84.27724693 10097.6 26.10010548 26.10010548}
2019/09/11 09:30:29 bitflyer.go:233: read: websocket: close 1006 (abnormal closure): unexpected EOF
2019/09/12 23:02:43 bitflyer.go:215: connecting to wss://ws.lightstream.bitflyer.com/json-rpc
2019/09/12 23:45:03 bitflyer.go:215: connecting to wss://ws.lightstream.bitflyer.com/json-rpc
2019/09/12 23:49:57 bitflyer.go:212: connecting to wss://ws.lightstream.bitflyer.com/json-rpc
2019/09/12 23:55:14 bitflyer.go:212: connecting to wss://ws.lightstream.bitflyer.com/json-rpc
2019/09/13 00:00:54 streamdata.go:12: LOG tickerChannel (chan bitflyer.Ticker)(0xc00008c0c0):
2019/09/13 00:00:54 streamdata.go:14: LOG apiClient &bitflyer.APIClient{key:"XXXXXXXXXXXXXXX", secret:"", httpClient:(*http.Client)(0xc00009e510)}:
2019/09/13 00:00:54 bitflyer.go:212: connecting to wss://ws.lightstream.bitflyer.com/json-rpc
2019/09/13 00:02:26 streamdata.go:12: LOG tickerChannel (chan bitflyer.Ticker)(0xc00008e1e0):
2019/09/13 00:02:26 streamdata.go:14: LOG apiClient &bitflyer.APIClient{key:"XXXXXXXXXXXXXXX", secret:"", httpClient:(*http.Client)(0xc0000c0330)}:
2019/09/13 00:02:26 bitflyer.go:212: connecting to wss://ws.lightstream.bitflyer.com/json-rpc
2019/09/13 00:03:11 streamdata.go:12: LOG tickerChannel (chan bitflyer.Ticker)(0xc00008c0c0):
2019/09/13 00:03:11 streamdata.go:14: LOG apiClient &bitflyer.APIClient{key:"XXXXXXXXXXXXXXX", secret:"", httpClient:(*http.Client)(0xc0000bd470)}:
2019/09/13 00:03:11 bitflyer.go:212: connecting to wss://ws.lightstream.bitflyer.com/json-rpc
2019/09/13 00:03:28 streamdata.go:12: LOG tickerChannel (chan bitflyer.Ticker)(0xc0000d20c0):
2019/09/13 00:03:28 streamdata.go:14: LOG apiClient &bitflyer.APIClient{key:"XXXXXXXXXXXXXXX", secret:"", httpClient:(*http.Client)(0xc0000c4060)}:
2019/09/13 00:03:28 bitflyer.go:212: connecting to wss://ws.lightstream.bitflyer.com/json-rpc
2019/09/13 00:03:56 streamdata.go:12: LOG tickerChannel (chan bitflyer.Ticker)(0xc0000301e0):
2019/09/13 00:03:56 streamdata.go:14: LOG apiClient &bitflyer.APIClient{key:"XXXXXXXXXXXXXXX", secret:"XXXXXXXXXXXXXXXXXXXXXX", httpClient:(*http.Client)(0xc0000921b0)}:
2019/09/13 00:03:56 bitflyer.go:212: connecting to wss://ws.lightstream.bitflyer.com/json-rpc
2019/09/13 00:08:25 bitflyer.go:212: connecting to wss://ws.lightstream.bitflyer.com/json-rpc
2019/09/13 00:08:48 bitflyer.go:212: ERROR: url.URL{Scheme:"wss", Opaque:"", User:(*url.Userinfo)(nil), Host:"ws.lightstream.bitflyer.com", Path:"/json-rpc", RawPath:"", ForceQuery:false, RawQuery:"", Fragment:""}
2019/09/13 00:08:48 bitflyer.go:213: connecting to wss://ws.lightstream.bitflyer.com/json-rpc
2019/09/13 00:10:35 bitflyer.go:212: connecting to wss://ws.lightstream.bitflyer.com/json-rpc
2019/09/13 00:18:16 bitflyer.go:212: connecting to wss://ws.lightstream.bitflyer.com/json-rpc
2019/09/13 00:19:34 bitflyer.go:212: connecting to wss://ws.lightstream.bitflyer.com/json-rpc
